[1.070s] Invoking command in '/home/shahab/ros2_jetracer/src/controllers': PYTHONPATH=/home/shahab/ros2_jetracer/build/controllers/prefix_override:/usr/lib/python3/dist-packages/colcon_core/task/python/colcon_distutils_commands:/home/shahab/ros2_jetracer/install/controllers/lib/python3.10/site-packages:${PYTHONPATH} /usr/bin/python3 -W ignore:setup.py install is deprecated setup.py egg_info --egg-base ../../build/controllers build --build-base /home/shahab/ros2_jetracer/build/controllers/build install --record /home/shahab/ros2_jetracer/build/controllers/install.log --single-version-externally-managed install_data
[1.475s] running egg_info
[1.476s] writing ../../build/controllers/controllers.egg-info/PKG-INFO
[1.476s] writing dependency_links to ../../build/controllers/controllers.egg-info/dependency_links.txt
[1.477s] writing entry points to ../../build/controllers/controllers.egg-info/entry_points.txt
[1.477s] writing requirements to ../../build/controllers/controllers.egg-info/requires.txt
[1.477s] writing top-level names to ../../build/controllers/controllers.egg-info/top_level.txt
[1.480s] reading manifest file '../../build/controllers/controllers.egg-info/SOURCES.txt'
[1.481s] writing manifest file '../../build/controllers/controllers.egg-info/SOURCES.txt'
[1.481s] running build
[1.481s] running build_py
[1.483s] running install
[1.484s] running install_lib
[1.485s] running install_data
[1.485s] copying launch/pid_obs_bridge_gazebo.launch.py -> /home/shahab/ros2_jetracer/install/controllers/share/controllers/launch
[1.486s] running install_egg_info
[1.489s] removing '/home/shahab/ros2_jetracer/install/controllers/lib/python3.10/site-packages/controllers-0.0.0-py3.10.egg-info' (and everything under it)
[1.490s] Copying ../../build/controllers/controllers.egg-info to /home/shahab/ros2_jetracer/install/controllers/lib/python3.10/site-packages/controllers-0.0.0-py3.10.egg-info
[1.491s] running install_scripts
[1.519s] Installing pid script to /home/shahab/ros2_jetracer/install/controllers/lib/controllers
[1.519s] Installing pid_obs_avoidance script to /home/shahab/ros2_jetracer/install/controllers/lib/controllers
[1.520s] writing list of installed files to '/home/shahab/ros2_jetracer/build/controllers/install.log'
[1.587s] Invoked command in '/home/shahab/ros2_jetracer/src/controllers' returned '0': PYTHONPATH=/home/shahab/ros2_jetracer/build/controllers/prefix_override:/usr/lib/python3/dist-packages/colcon_core/task/python/colcon_distutils_commands:/home/shahab/ros2_jetracer/install/controllers/lib/python3.10/site-packages:${PYTHONPATH} /usr/bin/python3 -W ignore:setup.py install is deprecated setup.py egg_info --egg-base ../../build/controllers build --build-base /home/shahab/ros2_jetracer/build/controllers/build install --record /home/shahab/ros2_jetracer/build/controllers/install.log --single-version-externally-managed install_data
