[0.116s] DEBUG:colcon:Command line arguments: ['/usr/bin/colcon', 'build']
[0.116s] DEBUG:colcon:Parsed command line arguments: Namespace(log_base=None, log_level=None, verb_name='build', build_base='build', install_base='install', merge_install=False, symlink_install=False, test_result_base=None, continue_on_error=False, executor='parallel', parallel_workers=8, event_handlers=None, ignore_user_meta=False, metas=['./colcon.meta'], base_paths=['.'], packages_ignore=None, packages_ignore_regex=None, paths=None, packages_up_to=None, packages_up_to_regex=None, packages_above=None, packages_above_and_dependencies=None, packages_above_depth=None, packages_select_by_dep=None, packages_skip_by_dep=None, packages_skip_up_to=None, packages_select_build_failed=False, packages_skip_build_finished=False, packages_select_test_failures=False, packages_skip_test_passed=False, packages_select=None, packages_skip=None, packages_select_regex=None, packages_skip_regex=None, packages_start=None, packages_end=None, allow_overriding=[], cmake_args=None, cmake_target=None, cmake_target_skip_unavailable=False, cmake_clean_cache=False, cmake_clean_first=False, cmake_force_configure=False, ament_cmake_args=None, catkin_cmake_args=None, catkin_skip_building_tests=False, mixin_files=None, mixin=None, verb_parser=<colcon_mixin.mixin.mixin_argument.MixinArgumentDecorator object at 0x7f5241f06e30>, verb_extension=<colcon_core.verb.build.BuildVerb object at 0x7f524206b550>, main=<bound method BuildVerb.main of <colcon_core.verb.build.BuildVerb object at 0x7f524206b550>>, mixin_verb=('build',))
[0.295s] Level 1:colcon.colcon_core.package_discovery:discover_packages(colcon_meta) check parameters
[0.295s] Level 1:colcon.colcon_core.package_discovery:discover_packages(recursive) check parameters
[0.295s] Level 1:colcon.colcon_core.package_discovery:discover_packages(ignore) check parameters
[0.295s] Level 1:colcon.colcon_core.package_discovery:discover_packages(path) check parameters
[0.295s] Level 1:colcon.colcon_core.package_discovery:discover_packages(colcon_meta) discover
[0.296s] Level 1:colcon.colcon_core.package_discovery:discover_packages(recursive) discover
[0.296s] INFO:colcon.colcon_core.package_discovery:Crawling recursively for packages in '/home/shahab/ros2_jetracer'
[0.296s] Level 1:colcon.colcon_core.package_identification:_identify(.) by extensions ['ignore', 'ignore_ament_install']
[0.296s] Level 1:colcon.colcon_core.package_identification:_identify(.) by extension 'ignore'
[0.296s] Level 1:colcon.colcon_core.package_identification:_identify(.) by extension 'ignore_ament_install'
[0.296s] Level 1:colcon.colcon_core.package_identification:_identify(.) by extensions ['colcon_pkg']
[0.296s] Level 1:colcon.colcon_core.package_identification:_identify(.) by extension 'colcon_pkg'
[0.296s] Level 1:colcon.colcon_core.package_identification:_identify(.) by extensions ['colcon_meta']
[0.296s] Level 1:colcon.colcon_core.package_identification:_identify(.) by extension 'colcon_meta'
[0.296s] Level 1:colcon.colcon_core.package_identification:_identify(.) by extensions ['ros']
[0.296s] Level 1:colcon.colcon_core.package_identification:_identify(.) by extension 'ros'
[0.308s] Level 1:colcon.colcon_core.package_identification:_identify(.) by extensions ['cmake', 'python']
[0.308s] Level 1:colcon.colcon_core.package_identification:_identify(.) by extension 'cmake'
[0.308s] Level 1:colcon.colcon_core.package_identification:_identify(.) by extension 'python'
[0.308s] Level 1:colcon.colcon_core.package_identification:_identify(.) by extensions ['python_setup_py']
[0.308s] Level 1:colcon.colcon_core.package_identification:_identify(.) by extension 'python_setup_py'
[0.308s] Level 1:colcon.colcon_core.package_identification:_identify(build) by extensions ['ignore', 'ignore_ament_install']
[0.308s] Level 1:colcon.colcon_core.package_identification:_identify(build) by extension 'ignore'
[0.308s] Level 1:colcon.colcon_core.package_identification:_identify(build) ignored
[0.308s] Level 1:colcon.colcon_core.package_identification:_identify(gazebo) by extensions ['ignore', 'ignore_ament_install']
[0.308s] Level 1:colcon.colcon_core.package_identification:_identify(gazebo) by extension 'ignore'
[0.308s] Level 1:colcon.colcon_core.package_identification:_identify(gazebo) by extension 'ignore_ament_install'
[0.308s] Level 1:colcon.colcon_core.package_identification:_identify(gazebo) by extensions ['colcon_pkg']
[0.309s] Level 1:colcon.colcon_core.package_identification:_identify(gazebo) by extension 'colcon_pkg'
[0.309s] Level 1:colcon.colcon_core.package_identification:_identify(gazebo) by extensions ['colcon_meta']
[0.309s] Level 1:colcon.colcon_core.package_identification:_identify(gazebo) by extension 'colcon_meta'
[0.309s] Level 1:colcon.colcon_core.package_identification:_identify(gazebo) by extensions ['ros']
[0.309s] Level 1:colcon.colcon_core.package_identification:_identify(gazebo) by extension 'ros'
[0.309s] Level 1:colcon.colcon_core.package_identification:_identify(gazebo) by extensions ['cmake', 'python']
[0.309s] Level 1:colcon.colcon_core.package_identification:_identify(gazebo) by extension 'cmake'
[0.309s] Level 1:colcon.colcon_core.package_identification:_identify(gazebo) by extension 'python'
[0.309s] Level 1:colcon.colcon_core.package_identification:_identify(gazebo) by extensions ['python_setup_py']
[0.309s] Level 1:colcon.colcon_core.package_identification:_identify(gazebo) by extension 'python_setup_py'
[0.309s] Level 1:colcon.colcon_core.package_identification:_identify(gazebo/Walking person) by extensions ['ignore', 'ignore_ament_install']
[0.309s] Level 1:colcon.colcon_core.package_identification:_identify(gazebo/Walking person) by extension 'ignore'
[0.309s] Level 1:colcon.colcon_core.package_identification:_identify(gazebo/Walking person) by extension 'ignore_ament_install'
[0.309s] Level 1:colcon.colcon_core.package_identification:_identify(gazebo/Walking person) by extensions ['colcon_pkg']
[0.309s] Level 1:colcon.colcon_core.package_identification:_identify(gazebo/Walking person) by extension 'colcon_pkg'
[0.309s] Level 1:colcon.colcon_core.package_identification:_identify(gazebo/Walking person) by extensions ['colcon_meta']
[0.309s] Level 1:colcon.colcon_core.package_identification:_identify(gazebo/Walking person) by extension 'colcon_meta'
[0.309s] Level 1:colcon.colcon_core.package_identification:_identify(gazebo/Walking person) by extensions ['ros']
[0.309s] Level 1:colcon.colcon_core.package_identification:_identify(gazebo/Walking person) by extension 'ros'
[0.309s] Level 1:colcon.colcon_core.package_identification:_identify(gazebo/Walking person) by extensions ['cmake', 'python']
[0.309s] Level 1:colcon.colcon_core.package_identification:_identify(gazebo/Walking person) by extension 'cmake'
[0.309s] Level 1:colcon.colcon_core.package_identification:_identify(gazebo/Walking person) by extension 'python'
[0.310s] Level 1:colcon.colcon_core.package_identification:_identify(gazebo/Walking person) by extensions ['python_setup_py']
[0.310s] Level 1:colcon.colcon_core.package_identification:_identify(gazebo/Walking person) by extension 'python_setup_py'
[0.310s] Level 1:colcon.colcon_core.package_identification:_identify(gazebo/Walking person/materials) by extensions ['ignore', 'ignore_ament_install']
[0.310s] Level 1:colcon.colcon_core.package_identification:_identify(gazebo/Walking person/materials) by extension 'ignore'
[0.310s] Level 1:colcon.colcon_core.package_identification:_identify(gazebo/Walking person/materials) by extension 'ignore_ament_install'
[0.310s] Level 1:colcon.colcon_core.package_identification:_identify(gazebo/Walking person/materials) by extensions ['colcon_pkg']
[0.310s] Level 1:colcon.colcon_core.package_identification:_identify(gazebo/Walking person/materials) by extension 'colcon_pkg'
[0.310s] Level 1:colcon.colcon_core.package_identification:_identify(gazebo/Walking person/materials) by extensions ['colcon_meta']
[0.310s] Level 1:colcon.colcon_core.package_identification:_identify(gazebo/Walking person/materials) by extension 'colcon_meta'
[0.310s] Level 1:colcon.colcon_core.package_identification:_identify(gazebo/Walking person/materials) by extensions ['ros']
[0.310s] Level 1:colcon.colcon_core.package_identification:_identify(gazebo/Walking person/materials) by extension 'ros'
[0.310s] Level 1:colcon.colcon_core.package_identification:_identify(gazebo/Walking person/materials) by extensions ['cmake', 'python']
[0.310s] Level 1:colcon.colcon_core.package_identification:_identify(gazebo/Walking person/materials) by extension 'cmake'
[0.310s] Level 1:colcon.colcon_core.package_identification:_identify(gazebo/Walking person/materials) by extension 'python'
[0.310s] Level 1:colcon.colcon_core.package_identification:_identify(gazebo/Walking person/materials) by extensions ['python_setup_py']
[0.310s] Level 1:colcon.colcon_core.package_identification:_identify(gazebo/Walking person/materials) by extension 'python_setup_py'
[0.310s] Level 1:colcon.colcon_core.package_identification:_identify(gazebo/Walking person/materials/textures) by extensions ['ignore', 'ignore_ament_install']
[0.310s] Level 1:colcon.colcon_core.package_identification:_identify(gazebo/Walking person/materials/textures) by extension 'ignore'
[0.311s] Level 1:colcon.colcon_core.package_identification:_identify(gazebo/Walking person/materials/textures) by extension 'ignore_ament_install'
[0.311s] Level 1:colcon.colcon_core.package_identification:_identify(gazebo/Walking person/materials/textures) by extensions ['colcon_pkg']
[0.311s] Level 1:colcon.colcon_core.package_identification:_identify(gazebo/Walking person/materials/textures) by extension 'colcon_pkg'
[0.311s] Level 1:colcon.colcon_core.package_identification:_identify(gazebo/Walking person/materials/textures) by extensions ['colcon_meta']
[0.311s] Level 1:colcon.colcon_core.package_identification:_identify(gazebo/Walking person/materials/textures) by extension 'colcon_meta'
[0.311s] Level 1:colcon.colcon_core.package_identification:_identify(gazebo/Walking person/materials/textures) by extensions ['ros']
[0.311s] Level 1:colcon.colcon_core.package_identification:_identify(gazebo/Walking person/materials/textures) by extension 'ros'
[0.311s] Level 1:colcon.colcon_core.package_identification:_identify(gazebo/Walking person/materials/textures) by extensions ['cmake', 'python']
[0.311s] Level 1:colcon.colcon_core.package_identification:_identify(gazebo/Walking person/materials/textures) by extension 'cmake'
[0.311s] Level 1:colcon.colcon_core.package_identification:_identify(gazebo/Walking person/materials/textures) by extension 'python'
[0.311s] Level 1:colcon.colcon_core.package_identification:_identify(gazebo/Walking person/materials/textures) by extensions ['python_setup_py']
[0.311s] Level 1:colcon.colcon_core.package_identification:_identify(gazebo/Walking person/materials/textures) by extension 'python_setup_py'
[0.311s] Level 1:colcon.colcon_core.package_identification:_identify(gazebo/Walking person/meshes) by extensions ['ignore', 'ignore_ament_install']
[0.311s] Level 1:colcon.colcon_core.package_identification:_identify(gazebo/Walking person/meshes) by extension 'ignore'
[0.312s] Level 1:colcon.colcon_core.package_identification:_identify(gazebo/Walking person/meshes) by extension 'ignore_ament_install'
[0.312s] Level 1:colcon.colcon_core.package_identification:_identify(gazebo/Walking person/meshes) by extensions ['colcon_pkg']
[0.312s] Level 1:colcon.colcon_core.package_identification:_identify(gazebo/Walking person/meshes) by extension 'colcon_pkg'
[0.312s] Level 1:colcon.colcon_core.package_identification:_identify(gazebo/Walking person/meshes) by extensions ['colcon_meta']
[0.312s] Level 1:colcon.colcon_core.package_identification:_identify(gazebo/Walking person/meshes) by extension 'colcon_meta'
[0.312s] Level 1:colcon.colcon_core.package_identification:_identify(gazebo/Walking person/meshes) by extensions ['ros']
[0.312s] Level 1:colcon.colcon_core.package_identification:_identify(gazebo/Walking person/meshes) by extension 'ros'
[0.312s] Level 1:colcon.colcon_core.package_identification:_identify(gazebo/Walking person/meshes) by extensions ['cmake', 'python']
[0.312s] Level 1:colcon.colcon_core.package_identification:_identify(gazebo/Walking person/meshes) by extension 'cmake'
[0.312s] Level 1:colcon.colcon_core.package_identification:_identify(gazebo/Walking person/meshes) by extension 'python'
[0.312s] Level 1:colcon.colcon_core.package_identification:_identify(gazebo/Walking person/meshes) by extensions ['python_setup_py']
[0.312s] Level 1:colcon.colcon_core.package_identification:_identify(gazebo/Walking person/meshes) by extension 'python_setup_py'
[0.312s] Level 1:colcon.colcon_core.package_identification:_identify(gazebo/Walking person/thumbnails) by extensions ['ignore', 'ignore_ament_install']
[0.312s] Level 1:colcon.colcon_core.package_identification:_identify(gazebo/Walking person/thumbnails) by extension 'ignore'
[0.312s] Level 1:colcon.colcon_core.package_identification:_identify(gazebo/Walking person/thumbnails) by extension 'ignore_ament_install'
[0.312s] Level 1:colcon.colcon_core.package_identification:_identify(gazebo/Walking person/thumbnails) by extensions ['colcon_pkg']
[0.312s] Level 1:colcon.colcon_core.package_identification:_identify(gazebo/Walking person/thumbnails) by extension 'colcon_pkg'
[0.312s] Level 1:colcon.colcon_core.package_identification:_identify(gazebo/Walking person/thumbnails) by extensions ['colcon_meta']
[0.312s] Level 1:colcon.colcon_core.package_identification:_identify(gazebo/Walking person/thumbnails) by extension 'colcon_meta'
[0.312s] Level 1:colcon.colcon_core.package_identification:_identify(gazebo/Walking person/thumbnails) by extensions ['ros']
[0.312s] Level 1:colcon.colcon_core.package_identification:_identify(gazebo/Walking person/thumbnails) by extension 'ros'
[0.313s] Level 1:colcon.colcon_core.package_identification:_identify(gazebo/Walking person/thumbnails) by extensions ['cmake', 'python']
[0.313s] Level 1:colcon.colcon_core.package_identification:_identify(gazebo/Walking person/thumbnails) by extension 'cmake'
[0.313s] Level 1:colcon.colcon_core.package_identification:_identify(gazebo/Walking person/thumbnails) by extension 'python'
[0.313s] Level 1:colcon.colcon_core.package_identification:_identify(gazebo/Walking person/thumbnails) by extensions ['python_setup_py']
[0.313s] Level 1:colcon.colcon_core.package_identification:_identify(gazebo/Walking person/thumbnails) by extension 'python_setup_py'
[0.313s] Level 1:colcon.colcon_core.package_identification:_identify(gazebo/meshes) by extensions ['ignore', 'ignore_ament_install']
[0.313s] Level 1:colcon.colcon_core.package_identification:_identify(gazebo/meshes) by extension 'ignore'
[0.313s] Level 1:colcon.colcon_core.package_identification:_identify(gazebo/meshes) by extension 'ignore_ament_install'
[0.313s] Level 1:colcon.colcon_core.package_identification:_identify(gazebo/meshes) by extensions ['colcon_pkg']
[0.313s] Level 1:colcon.colcon_core.package_identification:_identify(gazebo/meshes) by extension 'colcon_pkg'
[0.313s] Level 1:colcon.colcon_core.package_identification:_identify(gazebo/meshes) by extensions ['colcon_meta']
[0.313s] Level 1:colcon.colcon_core.package_identification:_identify(gazebo/meshes) by extension 'colcon_meta'
[0.313s] Level 1:colcon.colcon_core.package_identification:_identify(gazebo/meshes) by extensions ['ros']
[0.313s] Level 1:colcon.colcon_core.package_identification:_identify(gazebo/meshes) by extension 'ros'
[0.313s] Level 1:colcon.colcon_core.package_identification:_identify(gazebo/meshes) by extensions ['cmake', 'python']
[0.313s] Level 1:colcon.colcon_core.package_identification:_identify(gazebo/meshes) by extension 'cmake'
[0.313s] Level 1:colcon.colcon_core.package_identification:_identify(gazebo/meshes) by extension 'python'
[0.313s] Level 1:colcon.colcon_core.package_identification:_identify(gazebo/meshes) by extensions ['python_setup_py']
[0.313s] Level 1:colcon.colcon_core.package_identification:_identify(gazebo/meshes) by extension 'python_setup_py'
[0.313s] Level 1:colcon.colcon_core.package_identification:_identify(install) by extensions ['ignore', 'ignore_ament_install']
[0.314s] Level 1:colcon.colcon_core.package_identification:_identify(install) by extension 'ignore'
[0.314s] Level 1:colcon.colcon_core.package_identification:_identify(install) ignored
[0.314s] Level 1:colcon.colcon_core.package_identification:_identify(log) by extensions ['ignore', 'ignore_ament_install']
[0.314s] Level 1:colcon.colcon_core.package_identification:_identify(log) by extension 'ignore'
[0.314s] Level 1:colcon.colcon_core.package_identification:_identify(log) ignored
[0.314s] Level 1:colcon.colcon_core.package_identification:_identify(src) by extensions ['ignore', 'ignore_ament_install']
[0.314s] Level 1:colcon.colcon_core.package_identification:_identify(src) by extension 'ignore'
[0.314s] Level 1:colcon.colcon_core.package_identification:_identify(src) by extension 'ignore_ament_install'
[0.314s] Level 1:colcon.colcon_core.package_identification:_identify(src) by extensions ['colcon_pkg']
[0.314s] Level 1:colcon.colcon_core.package_identification:_identify(src) by extension 'colcon_pkg'
[0.314s] Level 1:colcon.colcon_core.package_identification:_identify(src) by extensions ['colcon_meta']
[0.314s] Level 1:colcon.colcon_core.package_identification:_identify(src) by extension 'colcon_meta'
[0.314s] Level 1:colcon.colcon_core.package_identification:_identify(src) by extensions ['ros']
[0.314s] Level 1:colcon.colcon_core.package_identification:_identify(src) by extension 'ros'
[0.314s] Level 1:colcon.colcon_core.package_identification:_identify(src) by extensions ['cmake', 'python']
[0.314s] Level 1:colcon.colcon_core.package_identification:_identify(src) by extension 'cmake'
[0.314s] Level 1:colcon.colcon_core.package_identification:_identify(src) by extension 'python'
[0.314s] Level 1:colcon.colcon_core.package_identification:_identify(src) by extensions ['python_setup_py']
[0.315s] Level 1:colcon.colcon_core.package_identification:_identify(src) by extension 'python_setup_py'
[0.315s] Level 1:colcon.colcon_core.package_identification:_identify(src/controllers) by extensions ['ignore', 'ignore_ament_install']
[0.315s] Level 1:colcon.colcon_core.package_identification:_identify(src/controllers) by extension 'ignore'
[0.315s] Level 1:colcon.colcon_core.package_identification:_identify(src/controllers) by extension 'ignore_ament_install'
[0.315s] Level 1:colcon.colcon_core.package_identification:_identify(src/controllers) by extensions ['colcon_pkg']
[0.315s] Level 1:colcon.colcon_core.package_identification:_identify(src/controllers) by extension 'colcon_pkg'
[0.315s] Level 1:colcon.colcon_core.package_identification:_identify(src/controllers) by extensions ['colcon_meta']
[0.315s] Level 1:colcon.colcon_core.package_identification:_identify(src/controllers) by extension 'colcon_meta'
[0.315s] Level 1:colcon.colcon_core.package_identification:_identify(src/controllers) by extensions ['ros']
[0.315s] Level 1:colcon.colcon_core.package_identification:_identify(src/controllers) by extension 'ros'
[0.318s] DEBUG:colcon.colcon_core.package_identification:Package 'src/controllers' with type 'ros.ament_python' and name 'controllers'
[0.319s] Level 1:colcon.colcon_core.package_discovery:discover_packages(recursive) using defaults
[0.319s] Level 1:colcon.colcon_core.package_discovery:discover_packages(ignore) discover
[0.319s] Level 1:colcon.colcon_core.package_discovery:discover_packages(ignore) using defaults
[0.319s] Level 1:colcon.colcon_core.package_discovery:discover_packages(path) discover
[0.319s] Level 1:colcon.colcon_core.package_discovery:discover_packages(path) using defaults
[0.352s] Level 1:colcon.colcon_core.package_discovery:discover_packages(prefix_path) check parameters
[0.352s] Level 1:colcon.colcon_core.package_discovery:discover_packages(prefix_path) discover
[0.354s] DEBUG:colcon.colcon_installed_package_information.package_discovery:Found 2 installed packages in /home/shahab/ros2_jetracer/install
[0.354s] DEBUG:colcon.colcon_installed_package_information.package_discovery:Found 1 installed packages in /home/shahab/ROS2_workspaces/ros2_learning/install
[0.356s] DEBUG:colcon.colcon_installed_package_information.package_discovery:Found 334 installed packages in /opt/ros/humble
[0.357s] Level 1:colcon.colcon_core.package_discovery:discover_packages(prefix_path) using defaults
[0.405s] Level 5:colcon.colcon_core.verb:set package 'controllers' build argument 'cmake_args' from command line to 'None'
[0.405s] Level 5:colcon.colcon_core.verb:set package 'controllers' build argument 'cmake_target' from command line to 'None'
[0.406s] Level 5:colcon.colcon_core.verb:set package 'controllers' build argument 'cmake_target_skip_unavailable' from command line to 'False'
[0.406s] Level 5:colcon.colcon_core.verb:set package 'controllers' build argument 'cmake_clean_cache' from command line to 'False'
[0.406s] Level 5:colcon.colcon_core.verb:set package 'controllers' build argument 'cmake_clean_first' from command line to 'False'
[0.406s] Level 5:colcon.colcon_core.verb:set package 'controllers' build argument 'cmake_force_configure' from command line to 'False'
[0.406s] Level 5:colcon.colcon_core.verb:set package 'controllers' build argument 'ament_cmake_args' from command line to 'None'
[0.406s] Level 5:colcon.colcon_core.verb:set package 'controllers' build argument 'catkin_cmake_args' from command line to 'None'
[0.406s] Level 5:colcon.colcon_core.verb:set package 'controllers' build argument 'catkin_skip_building_tests' from command line to 'False'
[0.406s] DEBUG:colcon.colcon_core.verb:Building package 'controllers' with the following arguments: {'ament_cmake_args': None, 'build_base': '/home/shahab/ros2_jetracer/build/controllers', 'catkin_cmake_args': None, 'catkin_skip_building_tests': False, 'cmake_args': None, 'cmake_clean_cache': False, 'cmake_clean_first': False, 'cmake_force_configure': False, 'cmake_target': None, 'cmake_target_skip_unavailable': False, 'install_base': '/home/shahab/ros2_jetracer/install/controllers', 'merge_install': False, 'path': '/home/shahab/ros2_jetracer/src/controllers', 'symlink_install': False, 'test_result_base': None}
[0.406s] INFO:colcon.colcon_core.executor:Executing jobs using 'parallel' executor
[0.407s] DEBUG:colcon.colcon_parallel_executor.executor.parallel:run_until_complete
[0.408s] INFO:colcon.colcon_ros.task.ament_python.build:Building ROS package in '/home/shahab/ros2_jetracer/src/controllers' with build type 'ament_python'
[0.408s] Level 1:colcon.colcon_core.shell:create_environment_hook('controllers', 'ament_prefix_path')
[0.410s] INFO:colcon.colcon_core.plugin_system:Skipping extension 'colcon_core.shell.bat': Not used on non-Windows systems
[0.411s] INFO:colcon.colcon_core.shell:Creating environment hook '/home/shahab/ros2_jetracer/install/controllers/share/controllers/hook/ament_prefix_path.ps1'
[0.411s] INFO:colcon.colcon_core.shell:Creating environment descriptor '/home/shahab/ros2_jetracer/install/controllers/share/controllers/hook/ament_prefix_path.dsv'
[0.412s] INFO:colcon.colcon_core.shell:Creating environment hook '/home/shahab/ros2_jetracer/install/controllers/share/controllers/hook/ament_prefix_path.sh'
[0.412s] INFO:colcon.colcon_core.shell:Skip shell extension 'powershell' for command environment: Not usable outside of PowerShell
[0.412s] DEBUG:colcon.colcon_core.shell:Skip shell extension 'dsv' for command environment
[0.695s] INFO:colcon.colcon_core.task.python.build:Building Python package in '/home/shahab/ros2_jetracer/src/controllers'
[0.696s] INFO:colcon.colcon_core.shell:Skip shell extension 'powershell' for command environment: Not usable outside of PowerShell
[0.696s] DEBUG:colcon.colcon_core.shell:Skip shell extension 'dsv' for command environment
[1.090s] DEBUG:colcon.colcon_core.event_handler.log_command:Invoking command in '/home/shahab/ros2_jetracer/src/controllers': PYTHONPATH=/home/shahab/ros2_jetracer/build/controllers/prefix_override:/usr/lib/python3/dist-packages/colcon_core/task/python/colcon_distutils_commands:/home/shahab/ros2_jetracer/install/controllers/lib/python3.10/site-packages:${PYTHONPATH} /usr/bin/python3 -W ignore:setup.py install is deprecated setup.py egg_info --egg-base ../../build/controllers build --build-base /home/shahab/ros2_jetracer/build/controllers/build install --record /home/shahab/ros2_jetracer/build/controllers/install.log --single-version-externally-managed install_data
[1.414s] DEBUG:colcon.colcon_core.event_handler.log_command:Invoked command in '/home/shahab/ros2_jetracer/src/controllers' returned '0': PYTHONPATH=/home/shahab/ros2_jetracer/build/controllers/prefix_override:/usr/lib/python3/dist-packages/colcon_core/task/python/colcon_distutils_commands:/home/shahab/ros2_jetracer/install/controllers/lib/python3.10/site-packages:${PYTHONPATH} /usr/bin/python3 -W ignore:setup.py install is deprecated setup.py egg_info --egg-base ../../build/controllers build --build-base /home/shahab/ros2_jetracer/build/controllers/build install --record /home/shahab/ros2_jetracer/build/controllers/install.log --single-version-externally-managed install_data
[1.416s] Level 1:colcon.colcon_core.environment:checking '/home/shahab/ros2_jetracer/install/controllers' for CMake module files
[1.417s] Level 1:colcon.colcon_core.environment:checking '/home/shahab/ros2_jetracer/install/controllers' for CMake config files
[1.417s] Level 1:colcon.colcon_core.environment:checking '/home/shahab/ros2_jetracer/install/controllers/lib'
[1.418s] Level 1:colcon.colcon_core.environment:checking '/home/shahab/ros2_jetracer/install/controllers/bin'
[1.418s] Level 1:colcon.colcon_core.environment:checking '/home/shahab/ros2_jetracer/install/controllers/lib/pkgconfig/controllers.pc'
[1.418s] Level 1:colcon.colcon_core.environment:checking '/home/shahab/ros2_jetracer/install/controllers/lib/python3.10/site-packages'
[1.418s] Level 1:colcon.colcon_core.shell:create_environment_hook('controllers', 'pythonpath')
[1.418s] INFO:colcon.colcon_core.shell:Creating environment hook '/home/shahab/ros2_jetracer/install/controllers/share/controllers/hook/pythonpath.ps1'
[1.419s] INFO:colcon.colcon_core.shell:Creating environment descriptor '/home/shahab/ros2_jetracer/install/controllers/share/controllers/hook/pythonpath.dsv'
[1.419s] INFO:colcon.colcon_core.shell:Creating environment hook '/home/shahab/ros2_jetracer/install/controllers/share/controllers/hook/pythonpath.sh'
[1.420s] Level 1:colcon.colcon_core.environment:checking '/home/shahab/ros2_jetracer/install/controllers/bin'
[1.420s] Level 1:colcon.colcon_core.environment:create_environment_scripts_only(controllers)
[1.420s] INFO:colcon.colcon_core.shell:Creating package script '/home/shahab/ros2_jetracer/install/controllers/share/controllers/package.ps1'
[1.421s] INFO:colcon.colcon_core.shell:Creating package descriptor '/home/shahab/ros2_jetracer/install/controllers/share/controllers/package.dsv'
[1.421s] INFO:colcon.colcon_core.shell:Creating package script '/home/shahab/ros2_jetracer/install/controllers/share/controllers/package.sh'
[1.422s] INFO:colcon.colcon_core.shell:Creating package script '/home/shahab/ros2_jetracer/install/controllers/share/controllers/package.bash'
[1.423s] INFO:colcon.colcon_core.shell:Creating package script '/home/shahab/ros2_jetracer/install/controllers/share/controllers/package.zsh'
[1.423s] Level 1:colcon.colcon_core.environment:create_file_with_runtime_dependencies(/home/shahab/ros2_jetracer/install/controllers/share/colcon-core/packages/controllers)
[1.424s] DEBUG:colcon.colcon_parallel_executor.executor.parallel:closing loop
[1.424s] DEBUG:colcon.colcon_parallel_executor.executor.parallel:loop closed
[1.424s] DEBUG:colcon.colcon_parallel_executor.executor.parallel:run_until_complete finished with '0'
[1.424s] DEBUG:colcon.colcon_core.event_reactor:joining thread
[1.429s] INFO:colcon.colcon_core.plugin_system:Skipping extension 'colcon_notification.desktop_notification.terminal_notifier': Not used on non-Darwin systems
[1.429s] INFO:colcon.colcon_core.plugin_system:Skipping extension 'colcon_notification.desktop_notification.win32': Not used on non-Windows systems
[1.429s] INFO:colcon.colcon_notification.desktop_notification:Sending desktop notification using 'notify2'
[1.441s] DEBUG:colcon.colcon_core.event_reactor:joined thread
[1.441s] INFO:colcon.colcon_core.shell:Creating prefix script '/home/shahab/ros2_jetracer/install/local_setup.ps1'
[1.443s] INFO:colcon.colcon_core.shell:Creating prefix util module '/home/shahab/ros2_jetracer/install/_local_setup_util_ps1.py'
[1.445s] INFO:colcon.colcon_core.shell:Creating prefix chain script '/home/shahab/ros2_jetracer/install/setup.ps1'
[1.446s] INFO:colcon.colcon_core.shell:Creating prefix script '/home/shahab/ros2_jetracer/install/local_setup.sh'
[1.447s] INFO:colcon.colcon_core.shell:Creating prefix util module '/home/shahab/ros2_jetracer/install/_local_setup_util_sh.py'
[1.447s] INFO:colcon.colcon_core.shell:Creating prefix chain script '/home/shahab/ros2_jetracer/install/setup.sh'
[1.448s] INFO:colcon.colcon_core.shell:Creating prefix script '/home/shahab/ros2_jetracer/install/local_setup.bash'
[1.449s] INFO:colcon.colcon_core.shell:Creating prefix chain script '/home/shahab/ros2_jetracer/install/setup.bash'
[1.450s] INFO:colcon.colcon_core.shell:Creating prefix script '/home/shahab/ros2_jetracer/install/local_setup.zsh'
[1.451s] INFO:colcon.colcon_core.shell:Creating prefix chain script '/home/shahab/ros2_jetracer/install/setup.zsh'
