/home/shahab/ros2_jetracer/install/controllers/lib/python3.10/site-packages/controllers/__init__.py
/home/shahab/ros2_jetracer/install/controllers/lib/python3.10/site-packages/controllers/pid.py
/home/shahab/ros2_jetracer/install/controllers/lib/python3.10/site-packages/controllers/pid_obs_avoidance.py
/home/shahab/ros2_jetracer/install/controllers/lib/python3.10/site-packages/controllers/network.py
/home/shahab/ros2_jetracer/install/controllers/lib/python3.10/site-packages/controllers/__pycache__/__init__.cpython-310.pyc
/home/shahab/ros2_jetracer/install/controllers/lib/python3.10/site-packages/controllers/__pycache__/pid.cpython-310.pyc
/home/shahab/ros2_jetracer/install/controllers/lib/python3.10/site-packages/controllers/__pycache__/pid_obs_avoidance.cpython-310.pyc
/home/shahab/ros2_jetracer/install/controllers/lib/python3.10/site-packages/controllers/__pycache__/network.cpython-310.pyc
/home/shahab/ros2_jetracer/install/controllers/share/ament_index/resource_index/packages/controllers
/home/shahab/ros2_jetracer/install/controllers/share/controllers/package.xml
/home/shahab/ros2_jetracer/install/controllers/share/controllers/launch/pid_bridge_gazebo.launch.py
/home/shahab/ros2_jetracer/install/controllers/share/controllers/launch/pid_obs_bridge_gazebo.launch.py
/home/shahab/ros2_jetracer/install/controllers/lib/python3.10/site-packages/controllers-0.0.0-py3.10.egg-info/requires.txt
/home/shahab/ros2_jetracer/install/controllers/lib/python3.10/site-packages/controllers-0.0.0-py3.10.egg-info/dependency_links.txt
/home/shahab/ros2_jetracer/install/controllers/lib/python3.10/site-packages/controllers-0.0.0-py3.10.egg-info/zip-safe
/home/shahab/ros2_jetracer/install/controllers/lib/python3.10/site-packages/controllers-0.0.0-py3.10.egg-info/PKG-INFO
/home/shahab/ros2_jetracer/install/controllers/lib/python3.10/site-packages/controllers-0.0.0-py3.10.egg-info/SOURCES.txt
/home/shahab/ros2_jetracer/install/controllers/lib/python3.10/site-packages/controllers-0.0.0-py3.10.egg-info/top_level.txt
/home/shahab/ros2_jetracer/install/controllers/lib/python3.10/site-packages/controllers-0.0.0-py3.10.egg-info/entry_points.txt
/home/shahab/ros2_jetracer/install/controllers/lib/controllers/pid
/home/shahab/ros2_jetracer/install/controllers/lib/controllers/pid_obs_avoidance
