[1.118s] Invoking command in '/home/shahab/ros2_jetracer/src/controllers': PYTHONPATH=/home/shahab/ros2_jetracer/build/controllers/prefix_override:/usr/lib/python3/dist-packages/colcon_core/task/python/colcon_distutils_commands:/home/shahab/ros2_jetracer/install/controllers/lib/python3.10/site-packages:${PYTHONPATH} /usr/bin/python3 -W ignore:setup.py install is deprecated setup.py egg_info --egg-base ../../build/controllers build --build-base /home/shahab/ros2_jetracer/build/controllers/build install --record /home/shahab/ros2_jetracer/build/controllers/install.log --single-version-externally-managed install_data
[1.520s] running egg_info
[1.521s] writing ../../build/controllers/controllers.egg-info/PKG-INFO
[1.522s] writing dependency_links to ../../build/controllers/controllers.egg-info/dependency_links.txt
[1.522s] writing entry points to ../../build/controllers/controllers.egg-info/entry_points.txt
[1.522s] writing requirements to ../../build/controllers/controllers.egg-info/requires.txt
[1.522s] writing top-level names to ../../build/controllers/controllers.egg-info/top_level.txt
[1.525s] reading manifest file '../../build/controllers/controllers.egg-info/SOURCES.txt'
[1.526s] writing manifest file '../../build/controllers/controllers.egg-info/SOURCES.txt'
[1.526s] running build
[1.526s] running build_py
[1.527s] running install
[1.528s] running install_lib
[1.530s] running install_data
[1.530s] copying launch/pid_obs_bridge_gazebo.launch.py -> /home/shahab/ros2_jetracer/install/controllers/share/controllers/launch
[1.530s] running install_egg_info
[1.533s] removing '/home/shahab/ros2_jetracer/install/controllers/lib/python3.10/site-packages/controllers-0.0.0-py3.10.egg-info' (and everything under it)
[1.533s] Copying ../../build/controllers/controllers.egg-info to /home/shahab/ros2_jetracer/install/controllers/lib/python3.10/site-packages/controllers-0.0.0-py3.10.egg-info
[1.535s] running install_scripts
[1.567s] Installing pid script to /home/shahab/ros2_jetracer/install/controllers/lib/controllers
[1.567s] Installing pid_obs_avoidance script to /home/shahab/ros2_jetracer/install/controllers/lib/controllers
[1.568s] writing list of installed files to '/home/shahab/ros2_jetracer/build/controllers/install.log'
[1.620s] Invoked command in '/home/shahab/ros2_jetracer/src/controllers' returned '0': PYTHONPATH=/home/shahab/ros2_jetracer/build/controllers/prefix_override:/usr/lib/python3/dist-packages/colcon_core/task/python/colcon_distutils_commands:/home/shahab/ros2_jetracer/install/controllers/lib/python3.10/site-packages:${PYTHONPATH} /usr/bin/python3 -W ignore:setup.py install is deprecated setup.py egg_info --egg-base ../../build/controllers build --build-base /home/shahab/ros2_jetracer/build/controllers/build install --record /home/shahab/ros2_jetracer/build/controllers/install.log --single-version-externally-managed install_data
