[1.306s] Invoking command in '/home/shahab/ros2_jetracer/src/controllers': PYTHONPATH=/home/shahab/ros2_jetracer/build/controllers/prefix_override:/usr/lib/python3/dist-packages/colcon_core/task/python/colcon_distutils_commands:/home/shahab/ros2_jetracer/install/controllers/lib/python3.10/site-packages:${PYTHONPATH} /usr/bin/python3 -W ignore:setup.py install is deprecated setup.py egg_info --egg-base ../../build/controllers build --build-base /home/shahab/ros2_jetracer/build/controllers/build install --record /home/shahab/ros2_jetracer/build/controllers/install.log --single-version-externally-managed install_data
[1.735s] running egg_info
[1.736s] writing ../../build/controllers/controllers.egg-info/PKG-INFO
[1.737s] writing dependency_links to ../../build/controllers/controllers.egg-info/dependency_links.txt
[1.737s] writing entry points to ../../build/controllers/controllers.egg-info/entry_points.txt
[1.740s] writing requirements to ../../build/controllers/controllers.egg-info/requires.txt
[1.740s] writing top-level names to ../../build/controllers/controllers.egg-info/top_level.txt
[1.743s] reading manifest file '../../build/controllers/controllers.egg-info/SOURCES.txt'
[1.745s] writing manifest file '../../build/controllers/controllers.egg-info/SOURCES.txt'
[1.746s] running build
[1.746s] running build_py
[1.752s] running install
[1.752s] running install_lib
[1.755s] running install_data
[1.756s] copying launch/pid_obs_bridge_gazebo.launch.py -> /home/shahab/ros2_jetracer/install/controllers/share/controllers/launch
[1.756s] running install_egg_info
[1.759s] removing '/home/shahab/ros2_jetracer/install/controllers/lib/python3.10/site-packages/controllers-0.0.0-py3.10.egg-info' (and everything under it)
[1.760s] Copying ../../build/controllers/controllers.egg-info to /home/shahab/ros2_jetracer/install/controllers/lib/python3.10/site-packages/controllers-0.0.0-py3.10.egg-info
[1.761s] running install_scripts
[1.803s] Installing pid script to /home/shahab/ros2_jetracer/install/controllers/lib/controllers
[1.803s] Installing pid_obs_avoidance script to /home/shahab/ros2_jetracer/install/controllers/lib/controllers
[1.804s] writing list of installed files to '/home/shahab/ros2_jetracer/build/controllers/install.log'
[1.869s] Invoked command in '/home/shahab/ros2_jetracer/src/controllers' returned '0': PYTHONPATH=/home/shahab/ros2_jetracer/build/controllers/prefix_override:/usr/lib/python3/dist-packages/colcon_core/task/python/colcon_distutils_commands:/home/shahab/ros2_jetracer/install/controllers/lib/python3.10/site-packages:${PYTHONPATH} /usr/bin/python3 -W ignore:setup.py install is deprecated setup.py egg_info --egg-base ../../build/controllers build --build-base /home/shahab/ros2_jetracer/build/controllers/build install --record /home/shahab/ros2_jetracer/build/controllers/install.log --single-version-externally-managed install_data
