[0.258s] DEBUG:colcon:Command line arguments: ['/usr/bin/colcon', 'build']
[0.258s] DEBUG:colcon:Parsed command line arguments: Namespace(log_base=None, log_level=None, verb_name='build', build_base='build', install_base='install', merge_install=False, symlink_install=False, test_result_base=None, continue_on_error=False, executor='parallel', parallel_workers=8, event_handlers=None, ignore_user_meta=False, metas=['./colcon.meta'], base_paths=['.'], packages_ignore=None, packages_ignore_regex=None, paths=None, packages_up_to=None, packages_up_to_regex=None, packages_above=None, packages_above_and_dependencies=None, packages_above_depth=None, packages_select_by_dep=None, packages_skip_by_dep=None, packages_skip_up_to=None, packages_select_build_failed=False, packages_skip_build_finished=False, packages_select_test_failures=False, packages_skip_test_passed=False, packages_select=None, packages_skip=None, packages_select_regex=None, packages_skip_regex=None, packages_start=None, packages_end=None, allow_overriding=[], cmake_args=None, cmake_target=None, cmake_target_skip_unavailable=False, cmake_clean_cache=False, cmake_clean_first=False, cmake_force_configure=False, ament_cmake_args=None, catkin_cmake_args=None, catkin_skip_building_tests=False, mixin_files=None, mixin=None, verb_parser=<colcon_mixin.mixin.mixin_argument.MixinArgumentDecorator object at 0x7d780db6ae30>, verb_extension=<colcon_core.verb.build.BuildVerb object at 0x7d780dc73550>, main=<bound method BuildVerb.main of <colcon_core.verb.build.BuildVerb object at 0x7d780dc73550>>, mixin_verb=('build',))
[0.786s] Level 1:colcon.colcon_core.package_discovery:discover_packages(colcon_meta) check parameters
[0.786s] Level 1:colcon.colcon_core.package_discovery:discover_packages(recursive) check parameters
[0.786s] Level 1:colcon.colcon_core.package_discovery:discover_packages(ignore) check parameters
[0.786s] Level 1:colcon.colcon_core.package_discovery:discover_packages(path) check parameters
[0.786s] Level 1:colcon.colcon_core.package_discovery:discover_packages(colcon_meta) discover
[0.786s] Level 1:colcon.colcon_core.package_discovery:discover_packages(recursive) discover
[0.787s] INFO:colcon.colcon_core.package_discovery:Crawling recursively for packages in '/home/shahab/ros2_jetracer'
[0.787s] Level 1:colcon.colcon_core.package_identification:_identify(.) by extensions ['ignore', 'ignore_ament_install']
[0.787s] Level 1:colcon.colcon_core.package_identification:_identify(.) by extension 'ignore'
[0.787s] Level 1:colcon.colcon_core.package_identification:_identify(.) by extension 'ignore_ament_install'
[0.787s] Level 1:colcon.colcon_core.package_identification:_identify(.) by extensions ['colcon_pkg']
[0.787s] Level 1:colcon.colcon_core.package_identification:_identify(.) by extension 'colcon_pkg'
[0.787s] Level 1:colcon.colcon_core.package_identification:_identify(.) by extensions ['colcon_meta']
[0.787s] Level 1:colcon.colcon_core.package_identification:_identify(.) by extension 'colcon_meta'
[0.787s] Level 1:colcon.colcon_core.package_identification:_identify(.) by extensions ['ros']
[0.787s] Level 1:colcon.colcon_core.package_identification:_identify(.) by extension 'ros'
[0.808s] Level 1:colcon.colcon_core.package_identification:_identify(.) by extensions ['cmake', 'python']
[0.808s] Level 1:colcon.colcon_core.package_identification:_identify(.) by extension 'cmake'
[0.808s] Level 1:colcon.colcon_core.package_identification:_identify(.) by extension 'python'
[0.808s] Level 1:colcon.colcon_core.package_identification:_identify(.) by extensions ['python_setup_py']
[0.809s] Level 1:colcon.colcon_core.package_identification:_identify(.) by extension 'python_setup_py'
[0.809s] Level 1:colcon.colcon_core.package_identification:_identify(build) by extensions ['ignore', 'ignore_ament_install']
[0.809s] Level 1:colcon.colcon_core.package_identification:_identify(build) by extension 'ignore'
[0.809s] Level 1:colcon.colcon_core.package_identification:_identify(build) ignored
[0.809s] Level 1:colcon.colcon_core.package_identification:_identify(gazebo) by extensions ['ignore', 'ignore_ament_install']
[0.810s] Level 1:colcon.colcon_core.package_identification:_identify(gazebo) by extension 'ignore'
[0.810s] Level 1:colcon.colcon_core.package_identification:_identify(gazebo) by extension 'ignore_ament_install'
[0.810s] Level 1:colcon.colcon_core.package_identification:_identify(gazebo) by extensions ['colcon_pkg']
[0.810s] Level 1:colcon.colcon_core.package_identification:_identify(gazebo) by extension 'colcon_pkg'
[0.810s] Level 1:colcon.colcon_core.package_identification:_identify(gazebo) by extensions ['colcon_meta']
[0.810s] Level 1:colcon.colcon_core.package_identification:_identify(gazebo) by extension 'colcon_meta'
[0.810s] Level 1:colcon.colcon_core.package_identification:_identify(gazebo) by extensions ['ros']
[0.810s] Level 1:colcon.colcon_core.package_identification:_identify(gazebo) by extension 'ros'
[0.810s] Level 1:colcon.colcon_core.package_identification:_identify(gazebo) by extensions ['cmake', 'python']
[0.810s] Level 1:colcon.colcon_core.package_identification:_identify(gazebo) by extension 'cmake'
[0.810s] Level 1:colcon.colcon_core.package_identification:_identify(gazebo) by extension 'python'
[0.810s] Level 1:colcon.colcon_core.package_identification:_identify(gazebo) by extensions ['python_setup_py']
[0.810s] Level 1:colcon.colcon_core.package_identification:_identify(gazebo) by extension 'python_setup_py'
[0.811s] Level 1:colcon.colcon_core.package_identification:_identify(gazebo/Walking person) by extensions ['ignore', 'ignore_ament_install']
[0.811s] Level 1:colcon.colcon_core.package_identification:_identify(gazebo/Walking person) by extension 'ignore'
[0.811s] Level 1:colcon.colcon_core.package_identification:_identify(gazebo/Walking person) by extension 'ignore_ament_install'
[0.811s] Level 1:colcon.colcon_core.package_identification:_identify(gazebo/Walking person) by extensions ['colcon_pkg']
[0.811s] Level 1:colcon.colcon_core.package_identification:_identify(gazebo/Walking person) by extension 'colcon_pkg'
[0.812s] Level 1:colcon.colcon_core.package_identification:_identify(gazebo/Walking person) by extensions ['colcon_meta']
[0.812s] Level 1:colcon.colcon_core.package_identification:_identify(gazebo/Walking person) by extension 'colcon_meta'
[0.812s] Level 1:colcon.colcon_core.package_identification:_identify(gazebo/Walking person) by extensions ['ros']
[0.812s] Level 1:colcon.colcon_core.package_identification:_identify(gazebo/Walking person) by extension 'ros'
[0.812s] Level 1:colcon.colcon_core.package_identification:_identify(gazebo/Walking person) by extensions ['cmake', 'python']
[0.812s] Level 1:colcon.colcon_core.package_identification:_identify(gazebo/Walking person) by extension 'cmake'
[0.812s] Level 1:colcon.colcon_core.package_identification:_identify(gazebo/Walking person) by extension 'python'
[0.812s] Level 1:colcon.colcon_core.package_identification:_identify(gazebo/Walking person) by extensions ['python_setup_py']
[0.812s] Level 1:colcon.colcon_core.package_identification:_identify(gazebo/Walking person) by extension 'python_setup_py'
[0.813s] Level 1:colcon.colcon_core.package_identification:_identify(gazebo/Walking person/materials) by extensions ['ignore', 'ignore_ament_install']
[0.813s] Level 1:colcon.colcon_core.package_identification:_identify(gazebo/Walking person/materials) by extension 'ignore'
[0.813s] Level 1:colcon.colcon_core.package_identification:_identify(gazebo/Walking person/materials) by extension 'ignore_ament_install'
[0.813s] Level 1:colcon.colcon_core.package_identification:_identify(gazebo/Walking person/materials) by extensions ['colcon_pkg']
[0.813s] Level 1:colcon.colcon_core.package_identification:_identify(gazebo/Walking person/materials) by extension 'colcon_pkg'
[0.813s] Level 1:colcon.colcon_core.package_identification:_identify(gazebo/Walking person/materials) by extensions ['colcon_meta']
[0.813s] Level 1:colcon.colcon_core.package_identification:_identify(gazebo/Walking person/materials) by extension 'colcon_meta'
[0.814s] Level 1:colcon.colcon_core.package_identification:_identify(gazebo/Walking person/materials) by extensions ['ros']
[0.814s] Level 1:colcon.colcon_core.package_identification:_identify(gazebo/Walking person/materials) by extension 'ros'
[0.814s] Level 1:colcon.colcon_core.package_identification:_identify(gazebo/Walking person/materials) by extensions ['cmake', 'python']
[0.814s] Level 1:colcon.colcon_core.package_identification:_identify(gazebo/Walking person/materials) by extension 'cmake'
[0.814s] Level 1:colcon.colcon_core.package_identification:_identify(gazebo/Walking person/materials) by extension 'python'
[0.814s] Level 1:colcon.colcon_core.package_identification:_identify(gazebo/Walking person/materials) by extensions ['python_setup_py']
[0.814s] Level 1:colcon.colcon_core.package_identification:_identify(gazebo/Walking person/materials) by extension 'python_setup_py'
[0.814s] Level 1:colcon.colcon_core.package_identification:_identify(gazebo/Walking person/materials/textures) by extensions ['ignore', 'ignore_ament_install']
[0.815s] Level 1:colcon.colcon_core.package_identification:_identify(gazebo/Walking person/materials/textures) by extension 'ignore'
[0.815s] Level 1:colcon.colcon_core.package_identification:_identify(gazebo/Walking person/materials/textures) by extension 'ignore_ament_install'
[0.815s] Level 1:colcon.colcon_core.package_identification:_identify(gazebo/Walking person/materials/textures) by extensions ['colcon_pkg']
[0.815s] Level 1:colcon.colcon_core.package_identification:_identify(gazebo/Walking person/materials/textures) by extension 'colcon_pkg'
[0.815s] Level 1:colcon.colcon_core.package_identification:_identify(gazebo/Walking person/materials/textures) by extensions ['colcon_meta']
[0.815s] Level 1:colcon.colcon_core.package_identification:_identify(gazebo/Walking person/materials/textures) by extension 'colcon_meta'
[0.815s] Level 1:colcon.colcon_core.package_identification:_identify(gazebo/Walking person/materials/textures) by extensions ['ros']
[0.815s] Level 1:colcon.colcon_core.package_identification:_identify(gazebo/Walking person/materials/textures) by extension 'ros'
[0.815s] Level 1:colcon.colcon_core.package_identification:_identify(gazebo/Walking person/materials/textures) by extensions ['cmake', 'python']
[0.815s] Level 1:colcon.colcon_core.package_identification:_identify(gazebo/Walking person/materials/textures) by extension 'cmake'
[0.815s] Level 1:colcon.colcon_core.package_identification:_identify(gazebo/Walking person/materials/textures) by extension 'python'
[0.816s] Level 1:colcon.colcon_core.package_identification:_identify(gazebo/Walking person/materials/textures) by extensions ['python_setup_py']
[0.816s] Level 1:colcon.colcon_core.package_identification:_identify(gazebo/Walking person/materials/textures) by extension 'python_setup_py'
[0.816s] Level 1:colcon.colcon_core.package_identification:_identify(gazebo/Walking person/meshes) by extensions ['ignore', 'ignore_ament_install']
[0.816s] Level 1:colcon.colcon_core.package_identification:_identify(gazebo/Walking person/meshes) by extension 'ignore'
[0.816s] Level 1:colcon.colcon_core.package_identification:_identify(gazebo/Walking person/meshes) by extension 'ignore_ament_install'
[0.816s] Level 1:colcon.colcon_core.package_identification:_identify(gazebo/Walking person/meshes) by extensions ['colcon_pkg']
[0.816s] Level 1:colcon.colcon_core.package_identification:_identify(gazebo/Walking person/meshes) by extension 'colcon_pkg'
[0.816s] Level 1:colcon.colcon_core.package_identification:_identify(gazebo/Walking person/meshes) by extensions ['colcon_meta']
[0.817s] Level 1:colcon.colcon_core.package_identification:_identify(gazebo/Walking person/meshes) by extension 'colcon_meta'
[0.817s] Level 1:colcon.colcon_core.package_identification:_identify(gazebo/Walking person/meshes) by extensions ['ros']
[0.817s] Level 1:colcon.colcon_core.package_identification:_identify(gazebo/Walking person/meshes) by extension 'ros'
[0.817s] Level 1:colcon.colcon_core.package_identification:_identify(gazebo/Walking person/meshes) by extensions ['cmake', 'python']
[0.817s] Level 1:colcon.colcon_core.package_identification:_identify(gazebo/Walking person/meshes) by extension 'cmake'
[0.817s] Level 1:colcon.colcon_core.package_identification:_identify(gazebo/Walking person/meshes) by extension 'python'
[0.817s] Level 1:colcon.colcon_core.package_identification:_identify(gazebo/Walking person/meshes) by extensions ['python_setup_py']
[0.817s] Level 1:colcon.colcon_core.package_identification:_identify(gazebo/Walking person/meshes) by extension 'python_setup_py'
[0.818s] Level 1:colcon.colcon_core.package_identification:_identify(gazebo/Walking person/thumbnails) by extensions ['ignore', 'ignore_ament_install']
[0.818s] Level 1:colcon.colcon_core.package_identification:_identify(gazebo/Walking person/thumbnails) by extension 'ignore'
[0.818s] Level 1:colcon.colcon_core.package_identification:_identify(gazebo/Walking person/thumbnails) by extension 'ignore_ament_install'
[0.818s] Level 1:colcon.colcon_core.package_identification:_identify(gazebo/Walking person/thumbnails) by extensions ['colcon_pkg']
[0.818s] Level 1:colcon.colcon_core.package_identification:_identify(gazebo/Walking person/thumbnails) by extension 'colcon_pkg'
[0.818s] Level 1:colcon.colcon_core.package_identification:_identify(gazebo/Walking person/thumbnails) by extensions ['colcon_meta']
[0.818s] Level 1:colcon.colcon_core.package_identification:_identify(gazebo/Walking person/thumbnails) by extension 'colcon_meta'
[0.818s] Level 1:colcon.colcon_core.package_identification:_identify(gazebo/Walking person/thumbnails) by extensions ['ros']
[0.818s] Level 1:colcon.colcon_core.package_identification:_identify(gazebo/Walking person/thumbnails) by extension 'ros'
[0.818s] Level 1:colcon.colcon_core.package_identification:_identify(gazebo/Walking person/thumbnails) by extensions ['cmake', 'python']
[0.818s] Level 1:colcon.colcon_core.package_identification:_identify(gazebo/Walking person/thumbnails) by extension 'cmake'
[0.819s] Level 1:colcon.colcon_core.package_identification:_identify(gazebo/Walking person/thumbnails) by extension 'python'
[0.819s] Level 1:colcon.colcon_core.package_identification:_identify(gazebo/Walking person/thumbnails) by extensions ['python_setup_py']
[0.819s] Level 1:colcon.colcon_core.package_identification:_identify(gazebo/Walking person/thumbnails) by extension 'python_setup_py'
[0.819s] Level 1:colcon.colcon_core.package_identification:_identify(gazebo/meshes) by extensions ['ignore', 'ignore_ament_install']
[0.819s] Level 1:colcon.colcon_core.package_identification:_identify(gazebo/meshes) by extension 'ignore'
[0.819s] Level 1:colcon.colcon_core.package_identification:_identify(gazebo/meshes) by extension 'ignore_ament_install'
[0.819s] Level 1:colcon.colcon_core.package_identification:_identify(gazebo/meshes) by extensions ['colcon_pkg']
[0.819s] Level 1:colcon.colcon_core.package_identification:_identify(gazebo/meshes) by extension 'colcon_pkg'
[0.819s] Level 1:colcon.colcon_core.package_identification:_identify(gazebo/meshes) by extensions ['colcon_meta']
[0.819s] Level 1:colcon.colcon_core.package_identification:_identify(gazebo/meshes) by extension 'colcon_meta'
[0.819s] Level 1:colcon.colcon_core.package_identification:_identify(gazebo/meshes) by extensions ['ros']
[0.820s] Level 1:colcon.colcon_core.package_identification:_identify(gazebo/meshes) by extension 'ros'
[0.820s] Level 1:colcon.colcon_core.package_identification:_identify(gazebo/meshes) by extensions ['cmake', 'python']
[0.820s] Level 1:colcon.colcon_core.package_identification:_identify(gazebo/meshes) by extension 'cmake'
[0.820s] Level 1:colcon.colcon_core.package_identification:_identify(gazebo/meshes) by extension 'python'
[0.820s] Level 1:colcon.colcon_core.package_identification:_identify(gazebo/meshes) by extensions ['python_setup_py']
[0.820s] Level 1:colcon.colcon_core.package_identification:_identify(gazebo/meshes) by extension 'python_setup_py'
[0.820s] Level 1:colcon.colcon_core.package_identification:_identify(install) by extensions ['ignore', 'ignore_ament_install']
[0.820s] Level 1:colcon.colcon_core.package_identification:_identify(install) by extension 'ignore'
[0.820s] Level 1:colcon.colcon_core.package_identification:_identify(install) ignored
[0.821s] Level 1:colcon.colcon_core.package_identification:_identify(log) by extensions ['ignore', 'ignore_ament_install']
[0.821s] Level 1:colcon.colcon_core.package_identification:_identify(log) by extension 'ignore'
[0.821s] Level 1:colcon.colcon_core.package_identification:_identify(log) ignored
[0.821s] Level 1:colcon.colcon_core.package_identification:_identify(src) by extensions ['ignore', 'ignore_ament_install']
[0.821s] Level 1:colcon.colcon_core.package_identification:_identify(src) by extension 'ignore'
[0.821s] Level 1:colcon.colcon_core.package_identification:_identify(src) by extension 'ignore_ament_install'
[0.822s] Level 1:colcon.colcon_core.package_identification:_identify(src) by extensions ['colcon_pkg']
[0.822s] Level 1:colcon.colcon_core.package_identification:_identify(src) by extension 'colcon_pkg'
[0.822s] Level 1:colcon.colcon_core.package_identification:_identify(src) by extensions ['colcon_meta']
[0.822s] Level 1:colcon.colcon_core.package_identification:_identify(src) by extension 'colcon_meta'
[0.822s] Level 1:colcon.colcon_core.package_identification:_identify(src) by extensions ['ros']
[0.822s] Level 1:colcon.colcon_core.package_identification:_identify(src) by extension 'ros'
[0.822s] Level 1:colcon.colcon_core.package_identification:_identify(src) by extensions ['cmake', 'python']
[0.822s] Level 1:colcon.colcon_core.package_identification:_identify(src) by extension 'cmake'
[0.822s] Level 1:colcon.colcon_core.package_identification:_identify(src) by extension 'python'
[0.822s] Level 1:colcon.colcon_core.package_identification:_identify(src) by extensions ['python_setup_py']
[0.822s] Level 1:colcon.colcon_core.package_identification:_identify(src) by extension 'python_setup_py'
[0.822s] Level 1:colcon.colcon_core.package_identification:_identify(src/controllers) by extensions ['ignore', 'ignore_ament_install']
[0.823s] Level 1:colcon.colcon_core.package_identification:_identify(src/controllers) by extension 'ignore'
[0.823s] Level 1:colcon.colcon_core.package_identification:_identify(src/controllers) by extension 'ignore_ament_install'
[0.823s] Level 1:colcon.colcon_core.package_identification:_identify(src/controllers) by extensions ['colcon_pkg']
[0.823s] Level 1:colcon.colcon_core.package_identification:_identify(src/controllers) by extension 'colcon_pkg'
[0.823s] Level 1:colcon.colcon_core.package_identification:_identify(src/controllers) by extensions ['colcon_meta']
[0.823s] Level 1:colcon.colcon_core.package_identification:_identify(src/controllers) by extension 'colcon_meta'
[0.823s] Level 1:colcon.colcon_core.package_identification:_identify(src/controllers) by extensions ['ros']
[0.823s] Level 1:colcon.colcon_core.package_identification:_identify(src/controllers) by extension 'ros'
[0.830s] DEBUG:colcon.colcon_core.package_identification:Package 'src/controllers' with type 'ros.ament_python' and name 'controllers'
[0.830s] Level 1:colcon.colcon_core.package_discovery:discover_packages(recursive) using defaults
[0.830s] Level 1:colcon.colcon_core.package_discovery:discover_packages(ignore) discover
[0.831s] Level 1:colcon.colcon_core.package_discovery:discover_packages(ignore) using defaults
[0.831s] Level 1:colcon.colcon_core.package_discovery:discover_packages(path) discover
[0.831s] Level 1:colcon.colcon_core.package_discovery:discover_packages(path) using defaults
[0.908s] Level 1:colcon.colcon_core.package_discovery:discover_packages(prefix_path) check parameters
[0.908s] Level 1:colcon.colcon_core.package_discovery:discover_packages(prefix_path) discover
[0.916s] DEBUG:colcon.colcon_installed_package_information.package_discovery:Found 2 installed packages in /home/shahab/ros2_jetracer/install
[0.921s] DEBUG:colcon.colcon_installed_package_information.package_discovery:Found 1 installed packages in /home/shahab/ROS2_workspaces/ros2_learning/install
[0.923s] DEBUG:colcon.colcon_installed_package_information.package_discovery:Found 334 installed packages in /opt/ros/humble
[0.925s] Level 1:colcon.colcon_core.package_discovery:discover_packages(prefix_path) using defaults
[1.095s] Level 5:colcon.colcon_core.verb:set package 'controllers' build argument 'cmake_args' from command line to 'None'
[1.095s] Level 5:colcon.colcon_core.verb:set package 'controllers' build argument 'cmake_target' from command line to 'None'
[1.096s] Level 5:colcon.colcon_core.verb:set package 'controllers' build argument 'cmake_target_skip_unavailable' from command line to 'False'
[1.096s] Level 5:colcon.colcon_core.verb:set package 'controllers' build argument 'cmake_clean_cache' from command line to 'False'
[1.096s] Level 5:colcon.colcon_core.verb:set package 'controllers' build argument 'cmake_clean_first' from command line to 'False'
[1.096s] Level 5:colcon.colcon_core.verb:set package 'controllers' build argument 'cmake_force_configure' from command line to 'False'
[1.096s] Level 5:colcon.colcon_core.verb:set package 'controllers' build argument 'ament_cmake_args' from command line to 'None'
[1.096s] Level 5:colcon.colcon_core.verb:set package 'controllers' build argument 'catkin_cmake_args' from command line to 'None'
[1.096s] Level 5:colcon.colcon_core.verb:set package 'controllers' build argument 'catkin_skip_building_tests' from command line to 'False'
[1.096s] DEBUG:colcon.colcon_core.verb:Building package 'controllers' with the following arguments: {'ament_cmake_args': None, 'build_base': '/home/shahab/ros2_jetracer/build/controllers', 'catkin_cmake_args': None, 'catkin_skip_building_tests': False, 'cmake_args': None, 'cmake_clean_cache': False, 'cmake_clean_first': False, 'cmake_force_configure': False, 'cmake_target': None, 'cmake_target_skip_unavailable': False, 'install_base': '/home/shahab/ros2_jetracer/install/controllers', 'merge_install': False, 'path': '/home/shahab/ros2_jetracer/src/controllers', 'symlink_install': False, 'test_result_base': None}
[1.096s] INFO:colcon.colcon_core.executor:Executing jobs using 'parallel' executor
[1.097s] DEBUG:colcon.colcon_parallel_executor.executor.parallel:run_until_complete
[1.098s] INFO:colcon.colcon_ros.task.ament_python.build:Building ROS package in '/home/shahab/ros2_jetracer/src/controllers' with build type 'ament_python'
[1.098s] Level 1:colcon.colcon_core.shell:create_environment_hook('controllers', 'ament_prefix_path')
[1.106s] INFO:colcon.colcon_core.plugin_system:Skipping extension 'colcon_core.shell.bat': Not used on non-Windows systems
[1.106s] INFO:colcon.colcon_core.shell:Creating environment hook '/home/shahab/ros2_jetracer/install/controllers/share/controllers/hook/ament_prefix_path.ps1'
[1.108s] INFO:colcon.colcon_core.shell:Creating environment descriptor '/home/shahab/ros2_jetracer/install/controllers/share/controllers/hook/ament_prefix_path.dsv'
[1.109s] INFO:colcon.colcon_core.shell:Creating environment hook '/home/shahab/ros2_jetracer/install/controllers/share/controllers/hook/ament_prefix_path.sh'
[1.111s] INFO:colcon.colcon_core.shell:Skip shell extension 'powershell' for command environment: Not usable outside of PowerShell
[1.111s] DEBUG:colcon.colcon_core.shell:Skip shell extension 'dsv' for command environment
[1.546s] INFO:colcon.colcon_core.task.python.build:Building Python package in '/home/shahab/ros2_jetracer/src/controllers'
[1.546s] INFO:colcon.colcon_core.shell:Skip shell extension 'powershell' for command environment: Not usable outside of PowerShell
[1.547s] DEBUG:colcon.colcon_core.shell:Skip shell extension 'dsv' for command environment
[2.264s] DEBUG:colcon.colcon_core.event_handler.log_command:Invoking command in '/home/shahab/ros2_jetracer/src/controllers': PYTHONPATH=/home/shahab/ros2_jetracer/build/controllers/prefix_override:/usr/lib/python3/dist-packages/colcon_core/task/python/colcon_distutils_commands:/home/shahab/ros2_jetracer/install/controllers/lib/python3.10/site-packages:${PYTHONPATH} /usr/bin/python3 -W ignore:setup.py install is deprecated setup.py egg_info --egg-base ../../build/controllers build --build-base /home/shahab/ros2_jetracer/build/controllers/build install --record /home/shahab/ros2_jetracer/build/controllers/install.log --single-version-externally-managed install_data
[2.772s] DEBUG:colcon.colcon_core.event_handler.log_command:Invoked command in '/home/shahab/ros2_jetracer/src/controllers' returned '0': PYTHONPATH=/home/shahab/ros2_jetracer/build/controllers/prefix_override:/usr/lib/python3/dist-packages/colcon_core/task/python/colcon_distutils_commands:/home/shahab/ros2_jetracer/install/controllers/lib/python3.10/site-packages:${PYTHONPATH} /usr/bin/python3 -W ignore:setup.py install is deprecated setup.py egg_info --egg-base ../../build/controllers build --build-base /home/shahab/ros2_jetracer/build/controllers/build install --record /home/shahab/ros2_jetracer/build/controllers/install.log --single-version-externally-managed install_data
[2.781s] Level 1:colcon.colcon_core.environment:checking '/home/shahab/ros2_jetracer/install/controllers' for CMake module files
[2.782s] Level 1:colcon.colcon_core.environment:checking '/home/shahab/ros2_jetracer/install/controllers' for CMake config files
[2.783s] Level 1:colcon.colcon_core.environment:checking '/home/shahab/ros2_jetracer/install/controllers/lib'
[2.784s] Level 1:colcon.colcon_core.environment:checking '/home/shahab/ros2_jetracer/install/controllers/bin'
[2.784s] Level 1:colcon.colcon_core.environment:checking '/home/shahab/ros2_jetracer/install/controllers/lib/pkgconfig/controllers.pc'
[2.784s] Level 1:colcon.colcon_core.environment:checking '/home/shahab/ros2_jetracer/install/controllers/lib/python3.10/site-packages'
[2.784s] Level 1:colcon.colcon_core.shell:create_environment_hook('controllers', 'pythonpath')
[2.785s] INFO:colcon.colcon_core.shell:Creating environment hook '/home/shahab/ros2_jetracer/install/controllers/share/controllers/hook/pythonpath.ps1'
[2.785s] INFO:colcon.colcon_core.shell:Creating environment descriptor '/home/shahab/ros2_jetracer/install/controllers/share/controllers/hook/pythonpath.dsv'
[2.786s] INFO:colcon.colcon_core.shell:Creating environment hook '/home/shahab/ros2_jetracer/install/controllers/share/controllers/hook/pythonpath.sh'
[2.787s] Level 1:colcon.colcon_core.environment:checking '/home/shahab/ros2_jetracer/install/controllers/bin'
[2.787s] Level 1:colcon.colcon_core.environment:create_environment_scripts_only(controllers)
[2.787s] INFO:colcon.colcon_core.shell:Creating package script '/home/shahab/ros2_jetracer/install/controllers/share/controllers/package.ps1'
[2.789s] INFO:colcon.colcon_core.shell:Creating package descriptor '/home/shahab/ros2_jetracer/install/controllers/share/controllers/package.dsv'
[2.790s] INFO:colcon.colcon_core.shell:Creating package script '/home/shahab/ros2_jetracer/install/controllers/share/controllers/package.sh'
[2.791s] INFO:colcon.colcon_core.shell:Creating package script '/home/shahab/ros2_jetracer/install/controllers/share/controllers/package.bash'
[2.793s] INFO:colcon.colcon_core.shell:Creating package script '/home/shahab/ros2_jetracer/install/controllers/share/controllers/package.zsh'
[2.794s] Level 1:colcon.colcon_core.environment:create_file_with_runtime_dependencies(/home/shahab/ros2_jetracer/install/controllers/share/colcon-core/packages/controllers)
[2.795s] DEBUG:colcon.colcon_parallel_executor.executor.parallel:closing loop
[2.795s] DEBUG:colcon.colcon_parallel_executor.executor.parallel:loop closed
[2.796s] DEBUG:colcon.colcon_parallel_executor.executor.parallel:run_until_complete finished with '0'
[2.796s] DEBUG:colcon.colcon_core.event_reactor:joining thread
[2.813s] INFO:colcon.colcon_core.plugin_system:Skipping extension 'colcon_notification.desktop_notification.terminal_notifier': Not used on non-Darwin systems
[2.813s] INFO:colcon.colcon_core.plugin_system:Skipping extension 'colcon_notification.desktop_notification.win32': Not used on non-Windows systems
[2.813s] INFO:colcon.colcon_notification.desktop_notification:Sending desktop notification using 'notify2'
[2.850s] DEBUG:colcon.colcon_core.event_reactor:joined thread
[2.850s] INFO:colcon.colcon_core.shell:Creating prefix script '/home/shahab/ros2_jetracer/install/local_setup.ps1'
[2.852s] INFO:colcon.colcon_core.shell:Creating prefix util module '/home/shahab/ros2_jetracer/install/_local_setup_util_ps1.py'
[2.855s] INFO:colcon.colcon_core.shell:Creating prefix chain script '/home/shahab/ros2_jetracer/install/setup.ps1'
[2.859s] INFO:colcon.colcon_core.shell:Creating prefix script '/home/shahab/ros2_jetracer/install/local_setup.sh'
[2.861s] INFO:colcon.colcon_core.shell:Creating prefix util module '/home/shahab/ros2_jetracer/install/_local_setup_util_sh.py'
[2.862s] INFO:colcon.colcon_core.shell:Creating prefix chain script '/home/shahab/ros2_jetracer/install/setup.sh'
[2.864s] INFO:colcon.colcon_core.shell:Creating prefix script '/home/shahab/ros2_jetracer/install/local_setup.bash'
[2.866s] INFO:colcon.colcon_core.shell:Creating prefix chain script '/home/shahab/ros2_jetracer/install/setup.bash'
[2.868s] INFO:colcon.colcon_core.shell:Creating prefix script '/home/shahab/ros2_jetracer/install/local_setup.zsh'
[2.869s] INFO:colcon.colcon_core.shell:Creating prefix chain script '/home/shahab/ros2_jetracer/install/setup.zsh'
