[1.790s] Invoking command in '/home/shahab/ros2_jetracer/src/controllers': PYTHONPATH=/home/shahab/ros2_jetracer/build/controllers/prefix_override:/usr/lib/python3/dist-packages/colcon_core/task/python/colcon_distutils_commands:/home/shahab/ros2_jetracer/install/controllers/lib/python3.10/site-packages:${PYTHONPATH} /usr/bin/python3 -W ignore:setup.py install is deprecated setup.py egg_info --egg-base ../../build/controllers build --build-base /home/shahab/ros2_jetracer/build/controllers/build install --record /home/shahab/ros2_jetracer/build/controllers/install.log --single-version-externally-managed install_data
[2.441s] running egg_info
[2.454s] writing ../../build/controllers/controllers.egg-info/PKG-INFO
[2.454s] writing dependency_links to ../../build/controllers/controllers.egg-info/dependency_links.txt
[2.454s] writing entry points to ../../build/controllers/controllers.egg-info/entry_points.txt
[2.457s] writing requirements to ../../build/controllers/controllers.egg-info/requires.txt
[2.457s] writing top-level names to ../../build/controllers/controllers.egg-info/top_level.txt
[2.465s] reading manifest file '../../build/controllers/controllers.egg-info/SOURCES.txt'
[2.470s] writing manifest file '../../build/controllers/controllers.egg-info/SOURCES.txt'
[2.472s] running build
[2.472s] running build_py
[2.472s] copying controllers/pid_obs_avoidance.py -> /home/shahab/ros2_jetracer/build/controllers/build/lib/controllers
[2.483s] running install
[2.485s] running install_lib
[2.487s] copying /home/shahab/ros2_jetracer/build/controllers/build/lib/controllers/pid_obs_avoidance.py -> /home/shahab/ros2_jetracer/install/controllers/lib/python3.10/site-packages/controllers
[2.488s] byte-compiling /home/shahab/ros2_jetracer/install/controllers/lib/python3.10/site-packages/controllers/pid_obs_avoidance.py to pid_obs_avoidance.cpython-310.pyc
[2.497s] running install_data
[2.498s] running install_egg_info
[2.499s] removing '/home/shahab/ros2_jetracer/install/controllers/lib/python3.10/site-packages/controllers-0.0.0-py3.10.egg-info' (and everything under it)
[2.499s] Copying ../../build/controllers/controllers.egg-info to /home/shahab/ros2_jetracer/install/controllers/lib/python3.10/site-packages/controllers-0.0.0-py3.10.egg-info
[2.505s] running install_scripts
[2.552s] Installing pid script to /home/shahab/ros2_jetracer/install/controllers/lib/controllers
[2.553s] Installing pid_obs_avoidance script to /home/shahab/ros2_jetracer/install/controllers/lib/controllers
[2.553s] writing list of installed files to '/home/shahab/ros2_jetracer/build/controllers/install.log'
[2.642s] Invoked command in '/home/shahab/ros2_jetracer/src/controllers' returned '0': PYTHONPATH=/home/shahab/ros2_jetracer/build/controllers/prefix_override:/usr/lib/python3/dist-packages/colcon_core/task/python/colcon_distutils_commands:/home/shahab/ros2_jetracer/install/controllers/lib/python3.10/site-packages:${PYTHONPATH} /usr/bin/python3 -W ignore:setup.py install is deprecated setup.py egg_info --egg-base ../../build/controllers build --build-base /home/shahab/ros2_jetracer/build/controllers/build install --record /home/shahab/ros2_jetracer/build/controllers/install.log --single-version-externally-managed install_data
