[0.251s] DEBUG:colcon:Command line arguments: ['/usr/bin/colcon', 'list', '-p', '--base-paths', '/home/shahab/ros2_jetracer']
[0.251s] DEBUG:colcon:Parsed command line arguments: Namespace(log_base=None, log_level=None, verb_name='list', build_base='build', ignore_user_meta=False, metas=['./colcon.meta'], base_paths=['/home/shahab/ros2_jetracer'], packages_ignore=None, packages_ignore_regex=None, paths=None, packages_up_to=None, packages_up_to_regex=None, packages_above=None, packages_above_and_dependencies=None, packages_above_depth=None, packages_select_by_dep=None, packages_skip_by_dep=None, packages_skip_up_to=None, packages_select_build_failed=False, packages_skip_build_finished=False, packages_select_test_failures=False, packages_skip_test_passed=False, packages_select=None, packages_skip=None, packages_select_regex=None, packages_skip_regex=None, packages_start=None, packages_end=None, allow_overriding=[], topological_order=False, names_only=False, paths_only=True, topological_graph=False, topological_graph_dot=False, topological_graph_density=False, topological_graph_legend=False, topological_graph_dot_cluster=False, topological_graph_dot_include_skipped=False, mixin_files=None, mixin=None, verb_parser=<colcon_mixin.mixin.mixin_argument.MixinArgumentDecorator object at 0x7cd92aa38040>, verb_extension=<colcon_package_information.verb.list.ListVerb object at 0x7cd92a9fefb0>, main=<bound method ListVerb.main of <colcon_package_information.verb.list.ListVerb object at 0x7cd92a9fefb0>>, mixin_verb=('list',))
[0.678s] Level 1:colcon.colcon_core.package_discovery:discover_packages(colcon_meta) check parameters
[0.679s] Level 1:colcon.colcon_core.package_discovery:discover_packages(recursive) check parameters
[0.679s] Level 1:colcon.colcon_core.package_discovery:discover_packages(ignore) check parameters
[0.679s] Level 1:colcon.colcon_core.package_discovery:discover_packages(path) check parameters
[0.679s] Level 1:colcon.colcon_core.package_discovery:discover_packages(recursive) discover
[0.679s] INFO:colcon.colcon_core.package_discovery:Crawling recursively for packages in '/home/shahab/ros2_jetracer'
[0.680s] Level 1:colcon.colcon_core.package_identification:_identify(/home/shahab/ros2_jetracer) by extensions ['ignore', 'ignore_ament_install']
[0.680s] Level 1:colcon.colcon_core.package_identification:_identify(/home/shahab/ros2_jetracer) by extension 'ignore'
[0.680s] Level 1:colcon.colcon_core.package_identification:_identify(/home/shahab/ros2_jetracer) by extension 'ignore_ament_install'
[0.680s] Level 1:colcon.colcon_core.package_identification:_identify(/home/shahab/ros2_jetracer) by extensions ['colcon_pkg']
[0.680s] Level 1:colcon.colcon_core.package_identification:_identify(/home/shahab/ros2_jetracer) by extension 'colcon_pkg'
[0.681s] Level 1:colcon.colcon_core.package_identification:_identify(/home/shahab/ros2_jetracer) by extensions ['colcon_meta']
[0.681s] Level 1:colcon.colcon_core.package_identification:_identify(/home/shahab/ros2_jetracer) by extension 'colcon_meta'
[0.681s] Level 1:colcon.colcon_core.package_identification:_identify(/home/shahab/ros2_jetracer) by extensions ['ros']
[0.681s] Level 1:colcon.colcon_core.package_identification:_identify(/home/shahab/ros2_jetracer) by extension 'ros'
[0.710s] Level 1:colcon.colcon_core.package_identification:_identify(/home/shahab/ros2_jetracer) by extensions ['cmake', 'python']
[0.710s] Level 1:colcon.colcon_core.package_identification:_identify(/home/shahab/ros2_jetracer) by extension 'cmake'
[0.710s] Level 1:colcon.colcon_core.package_identification:_identify(/home/shahab/ros2_jetracer) by extension 'python'
[0.710s] Level 1:colcon.colcon_core.package_identification:_identify(/home/shahab/ros2_jetracer) by extensions ['python_setup_py']
[0.710s] Level 1:colcon.colcon_core.package_identification:_identify(/home/shahab/ros2_jetracer) by extension 'python_setup_py'
[0.711s] Level 1:colcon.colcon_core.package_identification:_identify(/home/shahab/ros2_jetracer/build) by extensions ['ignore', 'ignore_ament_install']
[0.711s] Level 1:colcon.colcon_core.package_identification:_identify(/home/shahab/ros2_jetracer/build) by extension 'ignore'
[0.711s] Level 1:colcon.colcon_core.package_identification:_identify(/home/shahab/ros2_jetracer/build) ignored
[0.712s] Level 1:colcon.colcon_core.package_identification:_identify(/home/shahab/ros2_jetracer/gazebo) by extensions ['ignore', 'ignore_ament_install']
[0.712s] Level 1:colcon.colcon_core.package_identification:_identify(/home/shahab/ros2_jetracer/gazebo) by extension 'ignore'
[0.712s] Level 1:colcon.colcon_core.package_identification:_identify(/home/shahab/ros2_jetracer/gazebo) by extension 'ignore_ament_install'
[0.712s] Level 1:colcon.colcon_core.package_identification:_identify(/home/shahab/ros2_jetracer/gazebo) by extensions ['colcon_pkg']
[0.712s] Level 1:colcon.colcon_core.package_identification:_identify(/home/shahab/ros2_jetracer/gazebo) by extension 'colcon_pkg'
[0.712s] Level 1:colcon.colcon_core.package_identification:_identify(/home/shahab/ros2_jetracer/gazebo) by extensions ['colcon_meta']
[0.712s] Level 1:colcon.colcon_core.package_identification:_identify(/home/shahab/ros2_jetracer/gazebo) by extension 'colcon_meta'
[0.712s] Level 1:colcon.colcon_core.package_identification:_identify(/home/shahab/ros2_jetracer/gazebo) by extensions ['ros']
[0.712s] Level 1:colcon.colcon_core.package_identification:_identify(/home/shahab/ros2_jetracer/gazebo) by extension 'ros'
[0.713s] Level 1:colcon.colcon_core.package_identification:_identify(/home/shahab/ros2_jetracer/gazebo) by extensions ['cmake', 'python']
[0.713s] Level 1:colcon.colcon_core.package_identification:_identify(/home/shahab/ros2_jetracer/gazebo) by extension 'cmake'
[0.713s] Level 1:colcon.colcon_core.package_identification:_identify(/home/shahab/ros2_jetracer/gazebo) by extension 'python'
[0.713s] Level 1:colcon.colcon_core.package_identification:_identify(/home/shahab/ros2_jetracer/gazebo) by extensions ['python_setup_py']
[0.713s] Level 1:colcon.colcon_core.package_identification:_identify(/home/shahab/ros2_jetracer/gazebo) by extension 'python_setup_py'
[0.713s] Level 1:colcon.colcon_core.package_identification:_identify(/home/shahab/ros2_jetracer/gazebo/meshes) by extensions ['ignore', 'ignore_ament_install']
[0.713s] Level 1:colcon.colcon_core.package_identification:_identify(/home/shahab/ros2_jetracer/gazebo/meshes) by extension 'ignore'
[0.714s] Level 1:colcon.colcon_core.package_identification:_identify(/home/shahab/ros2_jetracer/gazebo/meshes) by extension 'ignore_ament_install'
[0.714s] Level 1:colcon.colcon_core.package_identification:_identify(/home/shahab/ros2_jetracer/gazebo/meshes) by extensions ['colcon_pkg']
[0.714s] Level 1:colcon.colcon_core.package_identification:_identify(/home/shahab/ros2_jetracer/gazebo/meshes) by extension 'colcon_pkg'
[0.714s] Level 1:colcon.colcon_core.package_identification:_identify(/home/shahab/ros2_jetracer/gazebo/meshes) by extensions ['colcon_meta']
[0.714s] Level 1:colcon.colcon_core.package_identification:_identify(/home/shahab/ros2_jetracer/gazebo/meshes) by extension 'colcon_meta'
[0.714s] Level 1:colcon.colcon_core.package_identification:_identify(/home/shahab/ros2_jetracer/gazebo/meshes) by extensions ['ros']
[0.714s] Level 1:colcon.colcon_core.package_identification:_identify(/home/shahab/ros2_jetracer/gazebo/meshes) by extension 'ros'
[0.714s] Level 1:colcon.colcon_core.package_identification:_identify(/home/shahab/ros2_jetracer/gazebo/meshes) by extensions ['cmake', 'python']
[0.714s] Level 1:colcon.colcon_core.package_identification:_identify(/home/shahab/ros2_jetracer/gazebo/meshes) by extension 'cmake'
[0.714s] Level 1:colcon.colcon_core.package_identification:_identify(/home/shahab/ros2_jetracer/gazebo/meshes) by extension 'python'
[0.715s] Level 1:colcon.colcon_core.package_identification:_identify(/home/shahab/ros2_jetracer/gazebo/meshes) by extensions ['python_setup_py']
[0.715s] Level 1:colcon.colcon_core.package_identification:_identify(/home/shahab/ros2_jetracer/gazebo/meshes) by extension 'python_setup_py'
[0.715s] Level 1:colcon.colcon_core.package_identification:_identify(/home/shahab/ros2_jetracer/install) by extensions ['ignore', 'ignore_ament_install']
[0.715s] Level 1:colcon.colcon_core.package_identification:_identify(/home/shahab/ros2_jetracer/install) by extension 'ignore'
[0.715s] Level 1:colcon.colcon_core.package_identification:_identify(/home/shahab/ros2_jetracer/install) ignored
[0.715s] Level 1:colcon.colcon_core.package_identification:_identify(/home/shahab/ros2_jetracer/log) by extensions ['ignore', 'ignore_ament_install']
[0.716s] Level 1:colcon.colcon_core.package_identification:_identify(/home/shahab/ros2_jetracer/log) by extension 'ignore'
[0.716s] Level 1:colcon.colcon_core.package_identification:_identify(/home/shahab/ros2_jetracer/log) ignored
[0.716s] Level 1:colcon.colcon_core.package_identification:_identify(/home/shahab/ros2_jetracer/src) by extensions ['ignore', 'ignore_ament_install']
[0.716s] Level 1:colcon.colcon_core.package_identification:_identify(/home/shahab/ros2_jetracer/src) by extension 'ignore'
[0.716s] Level 1:colcon.colcon_core.package_identification:_identify(/home/shahab/ros2_jetracer/src) by extension 'ignore_ament_install'
[0.716s] Level 1:colcon.colcon_core.package_identification:_identify(/home/shahab/ros2_jetracer/src) by extensions ['colcon_pkg']
[0.716s] Level 1:colcon.colcon_core.package_identification:_identify(/home/shahab/ros2_jetracer/src) by extension 'colcon_pkg'
[0.717s] Level 1:colcon.colcon_core.package_identification:_identify(/home/shahab/ros2_jetracer/src) by extensions ['colcon_meta']
[0.717s] Level 1:colcon.colcon_core.package_identification:_identify(/home/shahab/ros2_jetracer/src) by extension 'colcon_meta'
[0.717s] Level 1:colcon.colcon_core.package_identification:_identify(/home/shahab/ros2_jetracer/src) by extensions ['ros']
[0.717s] Level 1:colcon.colcon_core.package_identification:_identify(/home/shahab/ros2_jetracer/src) by extension 'ros'
[0.717s] Level 1:colcon.colcon_core.package_identification:_identify(/home/shahab/ros2_jetracer/src) by extensions ['cmake', 'python']
[0.717s] Level 1:colcon.colcon_core.package_identification:_identify(/home/shahab/ros2_jetracer/src) by extension 'cmake'
[0.717s] Level 1:colcon.colcon_core.package_identification:_identify(/home/shahab/ros2_jetracer/src) by extension 'python'
[0.717s] Level 1:colcon.colcon_core.package_identification:_identify(/home/shahab/ros2_jetracer/src) by extensions ['python_setup_py']
[0.717s] Level 1:colcon.colcon_core.package_identification:_identify(/home/shahab/ros2_jetracer/src) by extension 'python_setup_py'
[0.718s] Level 1:colcon.colcon_core.package_identification:_identify(/home/shahab/ros2_jetracer/src/pid_controller) by extensions ['ignore', 'ignore_ament_install']
[0.718s] Level 1:colcon.colcon_core.package_identification:_identify(/home/shahab/ros2_jetracer/src/pid_controller) by extension 'ignore'
[0.718s] Level 1:colcon.colcon_core.package_identification:_identify(/home/shahab/ros2_jetracer/src/pid_controller) by extension 'ignore_ament_install'
[0.718s] Level 1:colcon.colcon_core.package_identification:_identify(/home/shahab/ros2_jetracer/src/pid_controller) by extensions ['colcon_pkg']
[0.718s] Level 1:colcon.colcon_core.package_identification:_identify(/home/shahab/ros2_jetracer/src/pid_controller) by extension 'colcon_pkg'
[0.718s] Level 1:colcon.colcon_core.package_identification:_identify(/home/shahab/ros2_jetracer/src/pid_controller) by extensions ['colcon_meta']
[0.718s] Level 1:colcon.colcon_core.package_identification:_identify(/home/shahab/ros2_jetracer/src/pid_controller) by extension 'colcon_meta'
[0.718s] Level 1:colcon.colcon_core.package_identification:_identify(/home/shahab/ros2_jetracer/src/pid_controller) by extensions ['ros']
[0.718s] Level 1:colcon.colcon_core.package_identification:_identify(/home/shahab/ros2_jetracer/src/pid_controller) by extension 'ros'
[0.724s] DEBUG:colcon.colcon_core.package_identification:Package '/home/shahab/ros2_jetracer/src/pid_controller' with type 'ros.ament_python' and name 'pid_controller'
[0.724s] Level 1:colcon.colcon_core.package_discovery:discover_packages(recursive) using defaults
