[0.728s] Invoking command in '/home/shahab/ros2_jetracer/src/controllers': PYTHONPATH=/home/shahab/ros2_jetracer/build/controllers/prefix_override:/usr/lib/python3/dist-packages/colcon_core/task/python/colcon_distutils_commands:/home/shahab/ros2_jetracer/install/controllers/lib/python3.10/site-packages:${PYTHONPATH} /usr/bin/python3 -W ignore:setup.py install is deprecated setup.py egg_info --egg-base ../../build/controllers build --build-base /home/shahab/ros2_jetracer/build/controllers/build install --record /home/shahab/ros2_jetracer/build/controllers/install.log --single-version-externally-managed install_data
[0.981s] running egg_info
[0.982s] writing ../../build/controllers/controllers.egg-info/PKG-INFO
[0.983s] writing dependency_links to ../../build/controllers/controllers.egg-info/dependency_links.txt
[0.983s] writing entry points to ../../build/controllers/controllers.egg-info/entry_points.txt
[0.983s] writing requirements to ../../build/controllers/controllers.egg-info/requires.txt
[0.984s] writing top-level names to ../../build/controllers/controllers.egg-info/top_level.txt
[0.986s] reading manifest file '../../build/controllers/controllers.egg-info/SOURCES.txt'
[0.987s] writing manifest file '../../build/controllers/controllers.egg-info/SOURCES.txt'
[0.987s] running build
[0.987s] running build_py
[0.987s] copying controllers/pid_obs_avoidance.py -> /home/shahab/ros2_jetracer/build/controllers/build/lib/controllers
[0.989s] running install
[0.990s] running install_lib
[0.991s] copying /home/shahab/ros2_jetracer/build/controllers/build/lib/controllers/pid_obs_avoidance.py -> /home/shahab/ros2_jetracer/install/controllers/lib/python3.10/site-packages/controllers
[0.992s] byte-compiling /home/shahab/ros2_jetracer/install/controllers/lib/python3.10/site-packages/controllers/pid_obs_avoidance.py to pid_obs_avoidance.cpython-310.pyc
[0.994s] running install_data
[0.995s] running install_egg_info
[0.996s] removing '/home/shahab/ros2_jetracer/install/controllers/lib/python3.10/site-packages/controllers-0.0.0-py3.10.egg-info' (and everything under it)
[0.997s] Copying ../../build/controllers/controllers.egg-info to /home/shahab/ros2_jetracer/install/controllers/lib/python3.10/site-packages/controllers-0.0.0-py3.10.egg-info
[0.998s] running install_scripts
[1.017s] Installing pid script to /home/shahab/ros2_jetracer/install/controllers/lib/controllers
[1.017s] Installing pid_obs_avoidance script to /home/shahab/ros2_jetracer/install/controllers/lib/controllers
[1.017s] writing list of installed files to '/home/shahab/ros2_jetracer/build/controllers/install.log'
[1.045s] Invoked command in '/home/shahab/ros2_jetracer/src/controllers' returned '0': PYTHONPATH=/home/shahab/ros2_jetracer/build/controllers/prefix_override:/usr/lib/python3/dist-packages/colcon_core/task/python/colcon_distutils_commands:/home/shahab/ros2_jetracer/install/controllers/lib/python3.10/site-packages:${PYTHONPATH} /usr/bin/python3 -W ignore:setup.py install is deprecated setup.py egg_info --egg-base ../../build/controllers build --build-base /home/shahab/ros2_jetracer/build/controllers/build install --record /home/shahab/ros2_jetracer/build/controllers/install.log --single-version-externally-managed install_data
