[1.126s] Invoking command in '/home/shahab/ros2_jetracer/src/controllers': PYTHONPATH=/home/shahab/ros2_jetracer/build/controllers/prefix_override:/usr/lib/python3/dist-packages/colcon_core/task/python/colcon_distutils_commands:/home/shahab/ros2_jetracer/install/controllers/lib/python3.10/site-packages:${PYTHONPATH} /usr/bin/python3 -W ignore:setup.py install is deprecated setup.py egg_info --egg-base ../../build/controllers build --build-base /home/shahab/ros2_jetracer/build/controllers/build install --record /home/shahab/ros2_jetracer/build/controllers/install.log --single-version-externally-managed install_data
[1.509s] running egg_info
[1.510s] writing ../../build/controllers/controllers.egg-info/PKG-INFO
[1.512s] writing dependency_links to ../../build/controllers/controllers.egg-info/dependency_links.txt
[1.512s] writing entry points to ../../build/controllers/controllers.egg-info/entry_points.txt
[1.512s] writing requirements to ../../build/controllers/controllers.egg-info/requires.txt
[1.512s] writing top-level names to ../../build/controllers/controllers.egg-info/top_level.txt
[1.516s] reading manifest file '../../build/controllers/controllers.egg-info/SOURCES.txt'
[1.518s] writing manifest file '../../build/controllers/controllers.egg-info/SOURCES.txt'
[1.519s] running build
[1.519s] running build_py
[1.519s] copying controllers/pid_obs_avoidance.py -> /home/shahab/ros2_jetracer/build/controllers/build/lib/controllers
[1.519s] copying controllers/network.py -> /home/shahab/ros2_jetracer/build/controllers/build/lib/controllers
[1.522s] running install
[1.522s] running install_lib
[1.525s] copying /home/shahab/ros2_jetracer/build/controllers/build/lib/controllers/pid_obs_avoidance.py -> /home/shahab/ros2_jetracer/install/controllers/lib/python3.10/site-packages/controllers
[1.525s] copying /home/shahab/ros2_jetracer/build/controllers/build/lib/controllers/network.py -> /home/shahab/ros2_jetracer/install/controllers/lib/python3.10/site-packages/controllers
[1.526s] byte-compiling /home/shahab/ros2_jetracer/install/controllers/lib/python3.10/site-packages/controllers/pid_obs_avoidance.py to pid_obs_avoidance.cpython-310.pyc
[1.528s] byte-compiling /home/shahab/ros2_jetracer/install/controllers/lib/python3.10/site-packages/controllers/network.py to network.cpython-310.pyc
[1.529s] running install_data
[1.529s] copying package.xml -> /home/shahab/ros2_jetracer/install/controllers/share/controllers
[1.529s] running install_egg_info
[1.533s] removing '/home/shahab/ros2_jetracer/install/controllers/lib/python3.10/site-packages/controllers-0.0.0-py3.10.egg-info' (and everything under it)
[1.539s] Copying ../../build/controllers/controllers.egg-info to /home/shahab/ros2_jetracer/install/controllers/lib/python3.10/site-packages/controllers-0.0.0-py3.10.egg-info
[1.541s] running install_scripts
[1.584s] Installing pid script to /home/shahab/ros2_jetracer/install/controllers/lib/controllers
[1.586s] Installing pid_obs_avoidance script to /home/shahab/ros2_jetracer/install/controllers/lib/controllers
[1.587s] writing list of installed files to '/home/shahab/ros2_jetracer/build/controllers/install.log'
[1.649s] Invoked command in '/home/shahab/ros2_jetracer/src/controllers' returned '0': PYTHONPATH=/home/shahab/ros2_jetracer/build/controllers/prefix_override:/usr/lib/python3/dist-packages/colcon_core/task/python/colcon_distutils_commands:/home/shahab/ros2_jetracer/install/controllers/lib/python3.10/site-packages:${PYTHONPATH} /usr/bin/python3 -W ignore:setup.py install is deprecated setup.py egg_info --egg-base ../../build/controllers build --build-base /home/shahab/ros2_jetracer/build/controllers/build install --record /home/shahab/ros2_jetracer/build/controllers/install.log --single-version-externally-managed install_data
