[0.749s] Invoking command in '/home/shahab/ros2_jetracer/src/pid_controller': PYTHONPATH=/home/shahab/ros2_jetracer/build/pid_controller/prefix_override:/usr/lib/python3/dist-packages/colcon_core/task/python/colcon_distutils_commands:/home/shahab/ros2_jetracer/install/pid_controller/lib/python3.10/site-packages:${PYTHONPATH} /usr/bin/python3 -W ignore:setup.py install is deprecated setup.py egg_info --egg-base ../../build/pid_controller build --build-base /home/shahab/ros2_jetracer/build/pid_controller/build install --record /home/shahab/ros2_jetracer/build/pid_controller/install.log --single-version-externally-managed install_data
[1.043s] running egg_info
[1.044s] writing ../../build/pid_controller/pid_controller.egg-info/PKG-INFO
[1.044s] writing dependency_links to ../../build/pid_controller/pid_controller.egg-info/dependency_links.txt
[1.045s] writing entry points to ../../build/pid_controller/pid_controller.egg-info/entry_points.txt
[1.045s] writing requirements to ../../build/pid_controller/pid_controller.egg-info/requires.txt
[1.045s] writing top-level names to ../../build/pid_controller/pid_controller.egg-info/top_level.txt
[1.047s] reading manifest file '../../build/pid_controller/pid_controller.egg-info/SOURCES.txt'
[1.047s] writing manifest file '../../build/pid_controller/pid_controller.egg-info/SOURCES.txt'
[1.048s] running build
[1.048s] running build_py
[1.050s] running install
[1.050s] running install_lib
[1.051s] running install_data
[1.051s] running install_egg_info
[1.053s] removing '/home/shahab/ros2_jetracer/install/pid_controller/lib/python3.10/site-packages/pid_controller-0.0.0-py3.10.egg-info' (and everything under it)
[1.054s] Copying ../../build/pid_controller/pid_controller.egg-info to /home/shahab/ros2_jetracer/install/pid_controller/lib/python3.10/site-packages/pid_controller-0.0.0-py3.10.egg-info
[1.055s] running install_scripts
[1.079s] writing list of installed files to '/home/shahab/ros2_jetracer/build/pid_controller/install.log'
[1.113s] Invoked command in '/home/shahab/ros2_jetracer/src/pid_controller' returned '0': PYTHONPATH=/home/shahab/ros2_jetracer/build/pid_controller/prefix_override:/usr/lib/python3/dist-packages/colcon_core/task/python/colcon_distutils_commands:/home/shahab/ros2_jetracer/install/pid_controller/lib/python3.10/site-packages:${PYTHONPATH} /usr/bin/python3 -W ignore:setup.py install is deprecated setup.py egg_info --egg-base ../../build/pid_controller build --build-base /home/shahab/ros2_jetracer/build/pid_controller/build install --record /home/shahab/ros2_jetracer/build/pid_controller/install.log --single-version-externally-managed install_data
