[1.521s] Invoking command in '/home/shahab/ros2_jetracer/src/controllers': PYTHONPATH=/home/shahab/ros2_jetracer/build/controllers/prefix_override:/usr/lib/python3/dist-packages/colcon_core/task/python/colcon_distutils_commands:/home/shahab/ros2_jetracer/install/controllers/lib/python3.10/site-packages:${PYTHONPATH} /usr/bin/python3 -W ignore:setup.py install is deprecated setup.py egg_info --egg-base ../../build/controllers build --build-base /home/shahab/ros2_jetracer/build/controllers/build install --record /home/shahab/ros2_jetracer/build/controllers/install.log --single-version-externally-managed install_data
[2.020s] running egg_info
[2.021s] writing ../../build/controllers/controllers.egg-info/PKG-INFO
[2.022s] writing dependency_links to ../../build/controllers/controllers.egg-info/dependency_links.txt
[2.022s] writing entry points to ../../build/controllers/controllers.egg-info/entry_points.txt
[2.023s] writing requirements to ../../build/controllers/controllers.egg-info/requires.txt
[2.023s] writing top-level names to ../../build/controllers/controllers.egg-info/top_level.txt
[2.027s] reading manifest file '../../build/controllers/controllers.egg-info/SOURCES.txt'
[2.029s] writing manifest file '../../build/controllers/controllers.egg-info/SOURCES.txt'
[2.029s] running build
[2.030s] running build_py
[2.037s] running install
[2.037s] running install_lib
[2.037s] running install_data
[2.037s] copying launch/pid_obs_bridge_gazebo.launch.py -> /home/shahab/ros2_jetracer/install/controllers/share/controllers/launch
[2.038s] running install_egg_info
[2.041s] removing '/home/shahab/ros2_jetracer/install/controllers/lib/python3.10/site-packages/controllers-0.0.0-py3.10.egg-info' (and everything under it)
[2.042s] Copying ../../build/controllers/controllers.egg-info to /home/shahab/ros2_jetracer/install/controllers/lib/python3.10/site-packages/controllers-0.0.0-py3.10.egg-info
[2.047s] running install_scripts
[2.085s] Installing pid script to /home/shahab/ros2_jetracer/install/controllers/lib/controllers
[2.085s] Installing pid_obs_avoidance script to /home/shahab/ros2_jetracer/install/controllers/lib/controllers
[2.085s] writing list of installed files to '/home/shahab/ros2_jetracer/build/controllers/install.log'
[2.165s] Invoked command in '/home/shahab/ros2_jetracer/src/controllers' returned '0': PYTHONPATH=/home/shahab/ros2_jetracer/build/controllers/prefix_override:/usr/lib/python3/dist-packages/colcon_core/task/python/colcon_distutils_commands:/home/shahab/ros2_jetracer/install/controllers/lib/python3.10/site-packages:${PYTHONPATH} /usr/bin/python3 -W ignore:setup.py install is deprecated setup.py egg_info --egg-base ../../build/controllers build --build-base /home/shahab/ros2_jetracer/build/controllers/build install --record /home/shahab/ros2_jetracer/build/controllers/install.log --single-version-externally-managed install_data
