[0.657s] Invoking command in '/home/shahab/ros2_jetracer/src/controllers': PYTHONPATH=/home/shahab/ros2_jetracer/build/controllers/prefix_override:/usr/lib/python3/dist-packages/colcon_core/task/python/colcon_distutils_commands:/home/shahab/ros2_jetracer/install/controllers/lib/python3.10/site-packages:${PYTHONPATH} /usr/bin/python3 -W ignore:setup.py install is deprecated setup.py egg_info --egg-base ../../build/controllers build --build-base /home/shahab/ros2_jetracer/build/controllers/build install --record /home/shahab/ros2_jetracer/build/controllers/install.log --single-version-externally-managed install_data
[0.913s] running egg_info
[0.915s] writing ../../build/controllers/controllers.egg-info/PKG-INFO
[0.916s] writing dependency_links to ../../build/controllers/controllers.egg-info/dependency_links.txt
[0.916s] writing entry points to ../../build/controllers/controllers.egg-info/entry_points.txt
[0.916s] writing requirements to ../../build/controllers/controllers.egg-info/requires.txt
[0.917s] writing top-level names to ../../build/controllers/controllers.egg-info/top_level.txt
[0.921s] reading manifest file '../../build/controllers/controllers.egg-info/SOURCES.txt'
[0.922s] writing manifest file '../../build/controllers/controllers.egg-info/SOURCES.txt'
[0.922s] running build
[0.922s] running build_py
[0.923s] copying controllers/pid_obs_avoidance.py -> /home/shahab/ros2_jetracer/build/controllers/build/lib/controllers
[0.924s] running install
[0.924s] running install_lib
[0.925s] copying /home/shahab/ros2_jetracer/build/controllers/build/lib/controllers/pid_obs_avoidance.py -> /home/shahab/ros2_jetracer/install/controllers/lib/python3.10/site-packages/controllers
[0.926s] byte-compiling /home/shahab/ros2_jetracer/install/controllers/lib/python3.10/site-packages/controllers/pid_obs_avoidance.py to pid_obs_avoidance.cpython-310.pyc
[0.928s] running install_data
[0.928s] running install_egg_info
[0.930s] removing '/home/shahab/ros2_jetracer/install/controllers/lib/python3.10/site-packages/controllers-0.0.0-py3.10.egg-info' (and everything under it)
[0.931s] Copying ../../build/controllers/controllers.egg-info to /home/shahab/ros2_jetracer/install/controllers/lib/python3.10/site-packages/controllers-0.0.0-py3.10.egg-info
[0.931s] running install_scripts
[0.955s] Installing pid script to /home/shahab/ros2_jetracer/install/controllers/lib/controllers
[0.956s] Installing pid_obs_avoidance script to /home/shahab/ros2_jetracer/install/controllers/lib/controllers
[0.956s] writing list of installed files to '/home/shahab/ros2_jetracer/build/controllers/install.log'
[0.996s] Invoked command in '/home/shahab/ros2_jetracer/src/controllers' returned '0': PYTHONPATH=/home/shahab/ros2_jetracer/build/controllers/prefix_override:/usr/lib/python3/dist-packages/colcon_core/task/python/colcon_distutils_commands:/home/shahab/ros2_jetracer/install/controllers/lib/python3.10/site-packages:${PYTHONPATH} /usr/bin/python3 -W ignore:setup.py install is deprecated setup.py egg_info --egg-base ../../build/controllers build --build-base /home/shahab/ros2_jetracer/build/controllers/build install --record /home/shahab/ros2_jetracer/build/controllers/install.log --single-version-externally-managed install_data
