[0.648s] Invoking command in '/home/shahab/ros2_jetracer/src/controllers': PYTHONPATH=/home/shahab/ros2_jetracer/build/controllers/prefix_override:/usr/lib/python3/dist-packages/colcon_core/task/python/colcon_distutils_commands:/home/shahab/ros2_jetracer/install/controllers/lib/python3.10/site-packages:${PYTHONPATH} /usr/bin/python3 -W ignore:setup.py install is deprecated setup.py egg_info --egg-base ../../build/controllers build --build-base /home/shahab/ros2_jetracer/build/controllers/build install --record /home/shahab/ros2_jetracer/build/controllers/install.log --single-version-externally-managed install_data
[0.902s] running egg_info
[0.902s] writing ../../build/controllers/controllers.egg-info/PKG-INFO
[0.902s] writing dependency_links to ../../build/controllers/controllers.egg-info/dependency_links.txt
[0.902s] writing entry points to ../../build/controllers/controllers.egg-info/entry_points.txt
[0.903s] writing requirements to ../../build/controllers/controllers.egg-info/requires.txt
[0.903s] writing top-level names to ../../build/controllers/controllers.egg-info/top_level.txt
[0.905s] reading manifest file '../../build/controllers/controllers.egg-info/SOURCES.txt'
[0.906s] writing manifest file '../../build/controllers/controllers.egg-info/SOURCES.txt'
[0.906s] running build
[0.906s] running build_py
[0.907s] running install
[0.907s] running install_lib
[0.909s] running install_data
[0.909s] running install_egg_info
[0.911s] removing '/home/shahab/ros2_jetracer/install/controllers/lib/python3.10/site-packages/controllers-0.0.0-py3.10.egg-info' (and everything under it)
[0.911s] Copying ../../build/controllers/controllers.egg-info to /home/shahab/ros2_jetracer/install/controllers/lib/python3.10/site-packages/controllers-0.0.0-py3.10.egg-info
[0.912s] running install_scripts
[0.933s] Installing pid script to /home/shahab/ros2_jetracer/install/controllers/lib/controllers
[0.933s] Installing pid_obs_avoidance script to /home/shahab/ros2_jetracer/install/controllers/lib/controllers
[0.934s] writing list of installed files to '/home/shahab/ros2_jetracer/build/controllers/install.log'
[0.965s] Invoked command in '/home/shahab/ros2_jetracer/src/controllers' returned '0': PYTHONPATH=/home/shahab/ros2_jetracer/build/controllers/prefix_override:/usr/lib/python3/dist-packages/colcon_core/task/python/colcon_distutils_commands:/home/shahab/ros2_jetracer/install/controllers/lib/python3.10/site-packages:${PYTHONPATH} /usr/bin/python3 -W ignore:setup.py install is deprecated setup.py egg_info --egg-base ../../build/controllers build --build-base /home/shahab/ros2_jetracer/build/controllers/build install --record /home/shahab/ros2_jetracer/build/controllers/install.log --single-version-externally-managed install_data
