[1.029s] Invoking command in '/home/shahab/ros2_jetracer/src/pid_controller': PYTHONPATH=/home/shahab/ros2_jetracer/build/pid_controller/prefix_override:/usr/lib/python3/dist-packages/colcon_core/task/python/colcon_distutils_commands:/home/shahab/ros2_jetracer/install/pid_controller/lib/python3.10/site-packages:${PYTHONPATH} /usr/bin/python3 -W ignore:setup.py install is deprecated setup.py egg_info --egg-base ../../build/pid_controller build --build-base /home/shahab/ros2_jetracer/build/pid_controller/build install --record /home/shahab/ros2_jetracer/build/pid_controller/install.log --single-version-externally-managed install_data
[1.405s] running egg_info
[1.406s] writing ../../build/pid_controller/pid_controller.egg-info/PKG-INFO
[1.406s] writing dependency_links to ../../build/pid_controller/pid_controller.egg-info/dependency_links.txt
[1.406s] writing entry points to ../../build/pid_controller/pid_controller.egg-info/entry_points.txt
[1.406s] writing requirements to ../../build/pid_controller/pid_controller.egg-info/requires.txt
[1.407s] writing top-level names to ../../build/pid_controller/pid_controller.egg-info/top_level.txt
[1.409s] reading manifest file '../../build/pid_controller/pid_controller.egg-info/SOURCES.txt'
[1.410s] writing manifest file '../../build/pid_controller/pid_controller.egg-info/SOURCES.txt'
[1.410s] running build
[1.410s] running build_py
[1.410s] copying pid_controller/main.py -> /home/shahab/ros2_jetracer/build/pid_controller/build/lib/pid_controller
[1.412s] running install
[1.412s] running install_lib
[1.413s] copying /home/shahab/ros2_jetracer/build/pid_controller/build/lib/pid_controller/main.py -> /home/shahab/ros2_jetracer/install/pid_controller/lib/python3.10/site-packages/pid_controller
[1.413s] byte-compiling /home/shahab/ros2_jetracer/install/pid_controller/lib/python3.10/site-packages/pid_controller/main.py to main.cpython-310.pyc
[1.414s] running install_data
[1.414s] running install_egg_info
[1.416s] removing '/home/shahab/ros2_jetracer/install/pid_controller/lib/python3.10/site-packages/pid_controller-0.0.0-py3.10.egg-info' (and everything under it)
[1.416s] Copying ../../build/pid_controller/pid_controller.egg-info to /home/shahab/ros2_jetracer/install/pid_controller/lib/python3.10/site-packages/pid_controller-0.0.0-py3.10.egg-info
[1.417s] running install_scripts
[1.447s] Installing pid_controller script to /home/shahab/ros2_jetracer/install/pid_controller/lib/pid_controller
[1.448s] writing list of installed files to '/home/shahab/ros2_jetracer/build/pid_controller/install.log'
[1.500s] Invoked command in '/home/shahab/ros2_jetracer/src/pid_controller' returned '0': PYTHONPATH=/home/shahab/ros2_jetracer/build/pid_controller/prefix_override:/usr/lib/python3/dist-packages/colcon_core/task/python/colcon_distutils_commands:/home/shahab/ros2_jetracer/install/pid_controller/lib/python3.10/site-packages:${PYTHONPATH} /usr/bin/python3 -W ignore:setup.py install is deprecated setup.py egg_info --egg-base ../../build/pid_controller build --build-base /home/shahab/ros2_jetracer/build/pid_controller/build install --record /home/shahab/ros2_jetracer/build/pid_controller/install.log --single-version-externally-managed install_data
