[0.228s] DEBUG:colcon:Command line arguments: ['/usr/bin/colcon', 'build']
[0.228s] DEBUG:colcon:Parsed command line arguments: Namespace(log_base=None, log_level=None, verb_name='build', build_base='build', install_base='install', merge_install=False, symlink_install=False, test_result_base=None, continue_on_error=False, executor='parallel', parallel_workers=8, event_handlers=None, ignore_user_meta=False, metas=['./colcon.meta'], base_paths=['.'], packages_ignore=None, packages_ignore_regex=None, paths=None, packages_up_to=None, packages_up_to_regex=None, packages_above=None, packages_above_and_dependencies=None, packages_above_depth=None, packages_select_by_dep=None, packages_skip_by_dep=None, packages_skip_up_to=None, packages_select_build_failed=False, packages_skip_build_finished=False, packages_select_test_failures=False, packages_skip_test_passed=False, packages_select=None, packages_skip=None, packages_select_regex=None, packages_skip_regex=None, packages_start=None, packages_end=None, allow_overriding=[], cmake_args=None, cmake_target=None, cmake_target_skip_unavailable=False, cmake_clean_cache=False, cmake_clean_first=False, cmake_force_configure=False, ament_cmake_args=None, catkin_cmake_args=None, catkin_skip_building_tests=False, mixin_files=None, mixin=None, verb_parser=<colcon_mixin.mixin.mixin_argument.MixinArgumentDecorator object at 0x725db587ae30>, verb_extension=<colcon_core.verb.build.BuildVerb object at 0x725db5987550>, main=<bound method BuildVerb.main of <colcon_core.verb.build.BuildVerb object at 0x725db5987550>>, mixin_verb=('build',))
[0.536s] Level 1:colcon.colcon_core.package_discovery:discover_packages(colcon_meta) check parameters
[0.537s] Level 1:colcon.colcon_core.package_discovery:discover_packages(recursive) check parameters
[0.537s] Level 1:colcon.colcon_core.package_discovery:discover_packages(ignore) check parameters
[0.537s] Level 1:colcon.colcon_core.package_discovery:discover_packages(path) check parameters
[0.537s] Level 1:colcon.colcon_core.package_discovery:discover_packages(colcon_meta) discover
[0.537s] Level 1:colcon.colcon_core.package_discovery:discover_packages(recursive) discover
[0.537s] INFO:colcon.colcon_core.package_discovery:Crawling recursively for packages in '/home/shahab/ros2_jetracer'
[0.538s] Level 1:colcon.colcon_core.package_identification:_identify(.) by extensions ['ignore', 'ignore_ament_install']
[0.538s] Level 1:colcon.colcon_core.package_identification:_identify(.) by extension 'ignore'
[0.538s] Level 1:colcon.colcon_core.package_identification:_identify(.) by extension 'ignore_ament_install'
[0.538s] Level 1:colcon.colcon_core.package_identification:_identify(.) by extensions ['colcon_pkg']
[0.538s] Level 1:colcon.colcon_core.package_identification:_identify(.) by extension 'colcon_pkg'
[0.538s] Level 1:colcon.colcon_core.package_identification:_identify(.) by extensions ['colcon_meta']
[0.538s] Level 1:colcon.colcon_core.package_identification:_identify(.) by extension 'colcon_meta'
[0.538s] Level 1:colcon.colcon_core.package_identification:_identify(.) by extensions ['ros']
[0.538s] Level 1:colcon.colcon_core.package_identification:_identify(.) by extension 'ros'
[0.555s] Level 1:colcon.colcon_core.package_identification:_identify(.) by extensions ['cmake', 'python']
[0.555s] Level 1:colcon.colcon_core.package_identification:_identify(.) by extension 'cmake'
[0.555s] Level 1:colcon.colcon_core.package_identification:_identify(.) by extension 'python'
[0.555s] Level 1:colcon.colcon_core.package_identification:_identify(.) by extensions ['python_setup_py']
[0.555s] Level 1:colcon.colcon_core.package_identification:_identify(.) by extension 'python_setup_py'
[0.555s] Level 1:colcon.colcon_core.package_identification:_identify(build) by extensions ['ignore', 'ignore_ament_install']
[0.556s] Level 1:colcon.colcon_core.package_identification:_identify(build) by extension 'ignore'
[0.556s] Level 1:colcon.colcon_core.package_identification:_identify(build) ignored
[0.556s] Level 1:colcon.colcon_core.package_identification:_identify(gazebo) by extensions ['ignore', 'ignore_ament_install']
[0.556s] Level 1:colcon.colcon_core.package_identification:_identify(gazebo) by extension 'ignore'
[0.556s] Level 1:colcon.colcon_core.package_identification:_identify(gazebo) by extension 'ignore_ament_install'
[0.556s] Level 1:colcon.colcon_core.package_identification:_identify(gazebo) by extensions ['colcon_pkg']
[0.556s] Level 1:colcon.colcon_core.package_identification:_identify(gazebo) by extension 'colcon_pkg'
[0.556s] Level 1:colcon.colcon_core.package_identification:_identify(gazebo) by extensions ['colcon_meta']
[0.556s] Level 1:colcon.colcon_core.package_identification:_identify(gazebo) by extension 'colcon_meta'
[0.556s] Level 1:colcon.colcon_core.package_identification:_identify(gazebo) by extensions ['ros']
[0.556s] Level 1:colcon.colcon_core.package_identification:_identify(gazebo) by extension 'ros'
[0.557s] Level 1:colcon.colcon_core.package_identification:_identify(gazebo) by extensions ['cmake', 'python']
[0.557s] Level 1:colcon.colcon_core.package_identification:_identify(gazebo) by extension 'cmake'
[0.557s] Level 1:colcon.colcon_core.package_identification:_identify(gazebo) by extension 'python'
[0.557s] Level 1:colcon.colcon_core.package_identification:_identify(gazebo) by extensions ['python_setup_py']
[0.557s] Level 1:colcon.colcon_core.package_identification:_identify(gazebo) by extension 'python_setup_py'
[0.557s] Level 1:colcon.colcon_core.package_identification:_identify(gazebo/Walking person) by extensions ['ignore', 'ignore_ament_install']
[0.557s] Level 1:colcon.colcon_core.package_identification:_identify(gazebo/Walking person) by extension 'ignore'
[0.557s] Level 1:colcon.colcon_core.package_identification:_identify(gazebo/Walking person) by extension 'ignore_ament_install'
[0.557s] Level 1:colcon.colcon_core.package_identification:_identify(gazebo/Walking person) by extensions ['colcon_pkg']
[0.557s] Level 1:colcon.colcon_core.package_identification:_identify(gazebo/Walking person) by extension 'colcon_pkg'
[0.558s] Level 1:colcon.colcon_core.package_identification:_identify(gazebo/Walking person) by extensions ['colcon_meta']
[0.558s] Level 1:colcon.colcon_core.package_identification:_identify(gazebo/Walking person) by extension 'colcon_meta'
[0.558s] Level 1:colcon.colcon_core.package_identification:_identify(gazebo/Walking person) by extensions ['ros']
[0.558s] Level 1:colcon.colcon_core.package_identification:_identify(gazebo/Walking person) by extension 'ros'
[0.558s] Level 1:colcon.colcon_core.package_identification:_identify(gazebo/Walking person) by extensions ['cmake', 'python']
[0.558s] Level 1:colcon.colcon_core.package_identification:_identify(gazebo/Walking person) by extension 'cmake'
[0.558s] Level 1:colcon.colcon_core.package_identification:_identify(gazebo/Walking person) by extension 'python'
[0.558s] Level 1:colcon.colcon_core.package_identification:_identify(gazebo/Walking person) by extensions ['python_setup_py']
[0.558s] Level 1:colcon.colcon_core.package_identification:_identify(gazebo/Walking person) by extension 'python_setup_py'
[0.558s] Level 1:colcon.colcon_core.package_identification:_identify(gazebo/Walking person/materials) by extensions ['ignore', 'ignore_ament_install']
[0.558s] Level 1:colcon.colcon_core.package_identification:_identify(gazebo/Walking person/materials) by extension 'ignore'
[0.558s] Level 1:colcon.colcon_core.package_identification:_identify(gazebo/Walking person/materials) by extension 'ignore_ament_install'
[0.558s] Level 1:colcon.colcon_core.package_identification:_identify(gazebo/Walking person/materials) by extensions ['colcon_pkg']
[0.559s] Level 1:colcon.colcon_core.package_identification:_identify(gazebo/Walking person/materials) by extension 'colcon_pkg'
[0.559s] Level 1:colcon.colcon_core.package_identification:_identify(gazebo/Walking person/materials) by extensions ['colcon_meta']
[0.559s] Level 1:colcon.colcon_core.package_identification:_identify(gazebo/Walking person/materials) by extension 'colcon_meta'
[0.559s] Level 1:colcon.colcon_core.package_identification:_identify(gazebo/Walking person/materials) by extensions ['ros']
[0.559s] Level 1:colcon.colcon_core.package_identification:_identify(gazebo/Walking person/materials) by extension 'ros'
[0.559s] Level 1:colcon.colcon_core.package_identification:_identify(gazebo/Walking person/materials) by extensions ['cmake', 'python']
[0.559s] Level 1:colcon.colcon_core.package_identification:_identify(gazebo/Walking person/materials) by extension 'cmake'
[0.559s] Level 1:colcon.colcon_core.package_identification:_identify(gazebo/Walking person/materials) by extension 'python'
[0.559s] Level 1:colcon.colcon_core.package_identification:_identify(gazebo/Walking person/materials) by extensions ['python_setup_py']
[0.559s] Level 1:colcon.colcon_core.package_identification:_identify(gazebo/Walking person/materials) by extension 'python_setup_py'
[0.559s] Level 1:colcon.colcon_core.package_identification:_identify(gazebo/Walking person/materials/textures) by extensions ['ignore', 'ignore_ament_install']
[0.559s] Level 1:colcon.colcon_core.package_identification:_identify(gazebo/Walking person/materials/textures) by extension 'ignore'
[0.560s] Level 1:colcon.colcon_core.package_identification:_identify(gazebo/Walking person/materials/textures) by extension 'ignore_ament_install'
[0.560s] Level 1:colcon.colcon_core.package_identification:_identify(gazebo/Walking person/materials/textures) by extensions ['colcon_pkg']
[0.560s] Level 1:colcon.colcon_core.package_identification:_identify(gazebo/Walking person/materials/textures) by extension 'colcon_pkg'
[0.560s] Level 1:colcon.colcon_core.package_identification:_identify(gazebo/Walking person/materials/textures) by extensions ['colcon_meta']
[0.560s] Level 1:colcon.colcon_core.package_identification:_identify(gazebo/Walking person/materials/textures) by extension 'colcon_meta'
[0.560s] Level 1:colcon.colcon_core.package_identification:_identify(gazebo/Walking person/materials/textures) by extensions ['ros']
[0.560s] Level 1:colcon.colcon_core.package_identification:_identify(gazebo/Walking person/materials/textures) by extension 'ros'
[0.560s] Level 1:colcon.colcon_core.package_identification:_identify(gazebo/Walking person/materials/textures) by extensions ['cmake', 'python']
[0.560s] Level 1:colcon.colcon_core.package_identification:_identify(gazebo/Walking person/materials/textures) by extension 'cmake'
[0.560s] Level 1:colcon.colcon_core.package_identification:_identify(gazebo/Walking person/materials/textures) by extension 'python'
[0.560s] Level 1:colcon.colcon_core.package_identification:_identify(gazebo/Walking person/materials/textures) by extensions ['python_setup_py']
[0.560s] Level 1:colcon.colcon_core.package_identification:_identify(gazebo/Walking person/materials/textures) by extension 'python_setup_py'
[0.560s] Level 1:colcon.colcon_core.package_identification:_identify(gazebo/Walking person/meshes) by extensions ['ignore', 'ignore_ament_install']
[0.561s] Level 1:colcon.colcon_core.package_identification:_identify(gazebo/Walking person/meshes) by extension 'ignore'
[0.561s] Level 1:colcon.colcon_core.package_identification:_identify(gazebo/Walking person/meshes) by extension 'ignore_ament_install'
[0.561s] Level 1:colcon.colcon_core.package_identification:_identify(gazebo/Walking person/meshes) by extensions ['colcon_pkg']
[0.561s] Level 1:colcon.colcon_core.package_identification:_identify(gazebo/Walking person/meshes) by extension 'colcon_pkg'
[0.561s] Level 1:colcon.colcon_core.package_identification:_identify(gazebo/Walking person/meshes) by extensions ['colcon_meta']
[0.561s] Level 1:colcon.colcon_core.package_identification:_identify(gazebo/Walking person/meshes) by extension 'colcon_meta'
[0.561s] Level 1:colcon.colcon_core.package_identification:_identify(gazebo/Walking person/meshes) by extensions ['ros']
[0.561s] Level 1:colcon.colcon_core.package_identification:_identify(gazebo/Walking person/meshes) by extension 'ros'
[0.561s] Level 1:colcon.colcon_core.package_identification:_identify(gazebo/Walking person/meshes) by extensions ['cmake', 'python']
[0.561s] Level 1:colcon.colcon_core.package_identification:_identify(gazebo/Walking person/meshes) by extension 'cmake'
[0.561s] Level 1:colcon.colcon_core.package_identification:_identify(gazebo/Walking person/meshes) by extension 'python'
[0.561s] Level 1:colcon.colcon_core.package_identification:_identify(gazebo/Walking person/meshes) by extensions ['python_setup_py']
[0.561s] Level 1:colcon.colcon_core.package_identification:_identify(gazebo/Walking person/meshes) by extension 'python_setup_py'
[0.561s] Level 1:colcon.colcon_core.package_identification:_identify(gazebo/Walking person/thumbnails) by extensions ['ignore', 'ignore_ament_install']
[0.561s] Level 1:colcon.colcon_core.package_identification:_identify(gazebo/Walking person/thumbnails) by extension 'ignore'
[0.562s] Level 1:colcon.colcon_core.package_identification:_identify(gazebo/Walking person/thumbnails) by extension 'ignore_ament_install'
[0.562s] Level 1:colcon.colcon_core.package_identification:_identify(gazebo/Walking person/thumbnails) by extensions ['colcon_pkg']
[0.562s] Level 1:colcon.colcon_core.package_identification:_identify(gazebo/Walking person/thumbnails) by extension 'colcon_pkg'
[0.562s] Level 1:colcon.colcon_core.package_identification:_identify(gazebo/Walking person/thumbnails) by extensions ['colcon_meta']
[0.562s] Level 1:colcon.colcon_core.package_identification:_identify(gazebo/Walking person/thumbnails) by extension 'colcon_meta'
[0.562s] Level 1:colcon.colcon_core.package_identification:_identify(gazebo/Walking person/thumbnails) by extensions ['ros']
[0.562s] Level 1:colcon.colcon_core.package_identification:_identify(gazebo/Walking person/thumbnails) by extension 'ros'
[0.562s] Level 1:colcon.colcon_core.package_identification:_identify(gazebo/Walking person/thumbnails) by extensions ['cmake', 'python']
[0.562s] Level 1:colcon.colcon_core.package_identification:_identify(gazebo/Walking person/thumbnails) by extension 'cmake'
[0.562s] Level 1:colcon.colcon_core.package_identification:_identify(gazebo/Walking person/thumbnails) by extension 'python'
[0.562s] Level 1:colcon.colcon_core.package_identification:_identify(gazebo/Walking person/thumbnails) by extensions ['python_setup_py']
[0.562s] Level 1:colcon.colcon_core.package_identification:_identify(gazebo/Walking person/thumbnails) by extension 'python_setup_py'
[0.562s] Level 1:colcon.colcon_core.package_identification:_identify(gazebo/meshes) by extensions ['ignore', 'ignore_ament_install']
[0.562s] Level 1:colcon.colcon_core.package_identification:_identify(gazebo/meshes) by extension 'ignore'
[0.562s] Level 1:colcon.colcon_core.package_identification:_identify(gazebo/meshes) by extension 'ignore_ament_install'
[0.562s] Level 1:colcon.colcon_core.package_identification:_identify(gazebo/meshes) by extensions ['colcon_pkg']
[0.562s] Level 1:colcon.colcon_core.package_identification:_identify(gazebo/meshes) by extension 'colcon_pkg'
[0.562s] Level 1:colcon.colcon_core.package_identification:_identify(gazebo/meshes) by extensions ['colcon_meta']
[0.562s] Level 1:colcon.colcon_core.package_identification:_identify(gazebo/meshes) by extension 'colcon_meta'
[0.563s] Level 1:colcon.colcon_core.package_identification:_identify(gazebo/meshes) by extensions ['ros']
[0.563s] Level 1:colcon.colcon_core.package_identification:_identify(gazebo/meshes) by extension 'ros'
[0.563s] Level 1:colcon.colcon_core.package_identification:_identify(gazebo/meshes) by extensions ['cmake', 'python']
[0.563s] Level 1:colcon.colcon_core.package_identification:_identify(gazebo/meshes) by extension 'cmake'
[0.563s] Level 1:colcon.colcon_core.package_identification:_identify(gazebo/meshes) by extension 'python'
[0.563s] Level 1:colcon.colcon_core.package_identification:_identify(gazebo/meshes) by extensions ['python_setup_py']
[0.563s] Level 1:colcon.colcon_core.package_identification:_identify(gazebo/meshes) by extension 'python_setup_py'
[0.563s] Level 1:colcon.colcon_core.package_identification:_identify(install) by extensions ['ignore', 'ignore_ament_install']
[0.563s] Level 1:colcon.colcon_core.package_identification:_identify(install) by extension 'ignore'
[0.563s] Level 1:colcon.colcon_core.package_identification:_identify(install) ignored
[0.563s] Level 1:colcon.colcon_core.package_identification:_identify(log) by extensions ['ignore', 'ignore_ament_install']
[0.563s] Level 1:colcon.colcon_core.package_identification:_identify(log) by extension 'ignore'
[0.563s] Level 1:colcon.colcon_core.package_identification:_identify(log) ignored
[0.563s] Level 1:colcon.colcon_core.package_identification:_identify(src) by extensions ['ignore', 'ignore_ament_install']
[0.564s] Level 1:colcon.colcon_core.package_identification:_identify(src) by extension 'ignore'
[0.564s] Level 1:colcon.colcon_core.package_identification:_identify(src) by extension 'ignore_ament_install'
[0.564s] Level 1:colcon.colcon_core.package_identification:_identify(src) by extensions ['colcon_pkg']
[0.564s] Level 1:colcon.colcon_core.package_identification:_identify(src) by extension 'colcon_pkg'
[0.564s] Level 1:colcon.colcon_core.package_identification:_identify(src) by extensions ['colcon_meta']
[0.564s] Level 1:colcon.colcon_core.package_identification:_identify(src) by extension 'colcon_meta'
[0.564s] Level 1:colcon.colcon_core.package_identification:_identify(src) by extensions ['ros']
[0.564s] Level 1:colcon.colcon_core.package_identification:_identify(src) by extension 'ros'
[0.564s] Level 1:colcon.colcon_core.package_identification:_identify(src) by extensions ['cmake', 'python']
[0.564s] Level 1:colcon.colcon_core.package_identification:_identify(src) by extension 'cmake'
[0.564s] Level 1:colcon.colcon_core.package_identification:_identify(src) by extension 'python'
[0.564s] Level 1:colcon.colcon_core.package_identification:_identify(src) by extensions ['python_setup_py']
[0.564s] Level 1:colcon.colcon_core.package_identification:_identify(src) by extension 'python_setup_py'
[0.564s] Level 1:colcon.colcon_core.package_identification:_identify(src/controllers) by extensions ['ignore', 'ignore_ament_install']
[0.564s] Level 1:colcon.colcon_core.package_identification:_identify(src/controllers) by extension 'ignore'
[0.564s] Level 1:colcon.colcon_core.package_identification:_identify(src/controllers) by extension 'ignore_ament_install'
[0.564s] Level 1:colcon.colcon_core.package_identification:_identify(src/controllers) by extensions ['colcon_pkg']
[0.564s] Level 1:colcon.colcon_core.package_identification:_identify(src/controllers) by extension 'colcon_pkg'
[0.564s] Level 1:colcon.colcon_core.package_identification:_identify(src/controllers) by extensions ['colcon_meta']
[0.564s] Level 1:colcon.colcon_core.package_identification:_identify(src/controllers) by extension 'colcon_meta'
[0.564s] Level 1:colcon.colcon_core.package_identification:_identify(src/controllers) by extensions ['ros']
[0.565s] Level 1:colcon.colcon_core.package_identification:_identify(src/controllers) by extension 'ros'
[0.571s] DEBUG:colcon.colcon_core.package_identification:Package 'src/controllers' with type 'ros.ament_python' and name 'controllers'
[0.571s] Level 1:colcon.colcon_core.package_discovery:discover_packages(recursive) using defaults
[0.571s] Level 1:colcon.colcon_core.package_discovery:discover_packages(ignore) discover
[0.571s] Level 1:colcon.colcon_core.package_discovery:discover_packages(ignore) using defaults
[0.571s] Level 1:colcon.colcon_core.package_discovery:discover_packages(path) discover
[0.571s] Level 1:colcon.colcon_core.package_discovery:discover_packages(path) using defaults
[0.638s] Level 1:colcon.colcon_core.package_discovery:discover_packages(prefix_path) check parameters
[0.639s] Level 1:colcon.colcon_core.package_discovery:discover_packages(prefix_path) discover
[0.644s] DEBUG:colcon.colcon_installed_package_information.package_discovery:Found 2 installed packages in /home/shahab/ros2_jetracer/install
[0.645s] DEBUG:colcon.colcon_installed_package_information.package_discovery:Found 1 installed packages in /home/shahab/ROS2_workspaces/ros2_learning/install
[0.648s] DEBUG:colcon.colcon_installed_package_information.package_discovery:Found 334 installed packages in /opt/ros/humble
[0.650s] Level 1:colcon.colcon_core.package_discovery:discover_packages(prefix_path) using defaults
[0.726s] Level 5:colcon.colcon_core.verb:set package 'controllers' build argument 'cmake_args' from command line to 'None'
[0.727s] Level 5:colcon.colcon_core.verb:set package 'controllers' build argument 'cmake_target' from command line to 'None'
[0.727s] Level 5:colcon.colcon_core.verb:set package 'controllers' build argument 'cmake_target_skip_unavailable' from command line to 'False'
[0.727s] Level 5:colcon.colcon_core.verb:set package 'controllers' build argument 'cmake_clean_cache' from command line to 'False'
[0.727s] Level 5:colcon.colcon_core.verb:set package 'controllers' build argument 'cmake_clean_first' from command line to 'False'
[0.727s] Level 5:colcon.colcon_core.verb:set package 'controllers' build argument 'cmake_force_configure' from command line to 'False'
[0.727s] Level 5:colcon.colcon_core.verb:set package 'controllers' build argument 'ament_cmake_args' from command line to 'None'
[0.727s] Level 5:colcon.colcon_core.verb:set package 'controllers' build argument 'catkin_cmake_args' from command line to 'None'
[0.727s] Level 5:colcon.colcon_core.verb:set package 'controllers' build argument 'catkin_skip_building_tests' from command line to 'False'
[0.727s] DEBUG:colcon.colcon_core.verb:Building package 'controllers' with the following arguments: {'ament_cmake_args': None, 'build_base': '/home/shahab/ros2_jetracer/build/controllers', 'catkin_cmake_args': None, 'catkin_skip_building_tests': False, 'cmake_args': None, 'cmake_clean_cache': False, 'cmake_clean_first': False, 'cmake_force_configure': False, 'cmake_target': None, 'cmake_target_skip_unavailable': False, 'install_base': '/home/shahab/ros2_jetracer/install/controllers', 'merge_install': False, 'path': '/home/shahab/ros2_jetracer/src/controllers', 'symlink_install': False, 'test_result_base': None}
[0.727s] INFO:colcon.colcon_core.executor:Executing jobs using 'parallel' executor
[0.729s] DEBUG:colcon.colcon_parallel_executor.executor.parallel:run_until_complete
[0.729s] INFO:colcon.colcon_ros.task.ament_python.build:Building ROS package in '/home/shahab/ros2_jetracer/src/controllers' with build type 'ament_python'
[0.729s] Level 1:colcon.colcon_core.shell:create_environment_hook('controllers', 'ament_prefix_path')
[0.735s] INFO:colcon.colcon_core.plugin_system:Skipping extension 'colcon_core.shell.bat': Not used on non-Windows systems
[0.735s] INFO:colcon.colcon_core.shell:Creating environment hook '/home/shahab/ros2_jetracer/install/controllers/share/controllers/hook/ament_prefix_path.ps1'
[0.736s] INFO:colcon.colcon_core.shell:Creating environment descriptor '/home/shahab/ros2_jetracer/install/controllers/share/controllers/hook/ament_prefix_path.dsv'
[0.738s] INFO:colcon.colcon_core.shell:Creating environment hook '/home/shahab/ros2_jetracer/install/controllers/share/controllers/hook/ament_prefix_path.sh'
[0.740s] INFO:colcon.colcon_core.shell:Skip shell extension 'powershell' for command environment: Not usable outside of PowerShell
[0.740s] DEBUG:colcon.colcon_core.shell:Skip shell extension 'dsv' for command environment
[1.180s] INFO:colcon.colcon_core.task.python.build:Building Python package in '/home/shahab/ros2_jetracer/src/controllers'
[1.180s] INFO:colcon.colcon_core.shell:Skip shell extension 'powershell' for command environment: Not usable outside of PowerShell
[1.180s] DEBUG:colcon.colcon_core.shell:Skip shell extension 'dsv' for command environment
[1.834s] DEBUG:colcon.colcon_core.event_handler.log_command:Invoking command in '/home/shahab/ros2_jetracer/src/controllers': PYTHONPATH=/home/shahab/ros2_jetracer/build/controllers/prefix_override:/usr/lib/python3/dist-packages/colcon_core/task/python/colcon_distutils_commands:/home/shahab/ros2_jetracer/install/controllers/lib/python3.10/site-packages:${PYTHONPATH} /usr/bin/python3 -W ignore:setup.py install is deprecated setup.py egg_info --egg-base ../../build/controllers build --build-base /home/shahab/ros2_jetracer/build/controllers/build install --record /home/shahab/ros2_jetracer/build/controllers/install.log --single-version-externally-managed install_data
[2.333s] DEBUG:colcon.colcon_core.event_handler.log_command:Invoked command in '/home/shahab/ros2_jetracer/src/controllers' returned '0': PYTHONPATH=/home/shahab/ros2_jetracer/build/controllers/prefix_override:/usr/lib/python3/dist-packages/colcon_core/task/python/colcon_distutils_commands:/home/shahab/ros2_jetracer/install/controllers/lib/python3.10/site-packages:${PYTHONPATH} /usr/bin/python3 -W ignore:setup.py install is deprecated setup.py egg_info --egg-base ../../build/controllers build --build-base /home/shahab/ros2_jetracer/build/controllers/build install --record /home/shahab/ros2_jetracer/build/controllers/install.log --single-version-externally-managed install_data
[2.340s] Level 1:colcon.colcon_core.environment:checking '/home/shahab/ros2_jetracer/install/controllers' for CMake module files
[2.341s] Level 1:colcon.colcon_core.environment:checking '/home/shahab/ros2_jetracer/install/controllers' for CMake config files
[2.342s] Level 1:colcon.colcon_core.environment:checking '/home/shahab/ros2_jetracer/install/controllers/lib'
[2.342s] Level 1:colcon.colcon_core.environment:checking '/home/shahab/ros2_jetracer/install/controllers/bin'
[2.342s] Level 1:colcon.colcon_core.environment:checking '/home/shahab/ros2_jetracer/install/controllers/lib/pkgconfig/controllers.pc'
[2.342s] Level 1:colcon.colcon_core.environment:checking '/home/shahab/ros2_jetracer/install/controllers/lib/python3.10/site-packages'
[2.343s] Level 1:colcon.colcon_core.shell:create_environment_hook('controllers', 'pythonpath')
[2.343s] INFO:colcon.colcon_core.shell:Creating environment hook '/home/shahab/ros2_jetracer/install/controllers/share/controllers/hook/pythonpath.ps1'
[2.348s] INFO:colcon.colcon_core.shell:Creating environment descriptor '/home/shahab/ros2_jetracer/install/controllers/share/controllers/hook/pythonpath.dsv'
[2.348s] INFO:colcon.colcon_core.shell:Creating environment hook '/home/shahab/ros2_jetracer/install/controllers/share/controllers/hook/pythonpath.sh'
[2.349s] Level 1:colcon.colcon_core.environment:checking '/home/shahab/ros2_jetracer/install/controllers/bin'
[2.350s] Level 1:colcon.colcon_core.environment:create_environment_scripts_only(controllers)
[2.351s] INFO:colcon.colcon_core.shell:Creating package script '/home/shahab/ros2_jetracer/install/controllers/share/controllers/package.ps1'
[2.352s] INFO:colcon.colcon_core.shell:Creating package descriptor '/home/shahab/ros2_jetracer/install/controllers/share/controllers/package.dsv'
[2.353s] INFO:colcon.colcon_core.shell:Creating package script '/home/shahab/ros2_jetracer/install/controllers/share/controllers/package.sh'
[2.355s] INFO:colcon.colcon_core.shell:Creating package script '/home/shahab/ros2_jetracer/install/controllers/share/controllers/package.bash'
[2.356s] INFO:colcon.colcon_core.shell:Creating package script '/home/shahab/ros2_jetracer/install/controllers/share/controllers/package.zsh'
[2.358s] Level 1:colcon.colcon_core.environment:create_file_with_runtime_dependencies(/home/shahab/ros2_jetracer/install/controllers/share/colcon-core/packages/controllers)
[2.358s] DEBUG:colcon.colcon_parallel_executor.executor.parallel:closing loop
[2.359s] DEBUG:colcon.colcon_parallel_executor.executor.parallel:loop closed
[2.359s] DEBUG:colcon.colcon_parallel_executor.executor.parallel:run_until_complete finished with '0'
[2.359s] DEBUG:colcon.colcon_core.event_reactor:joining thread
[2.372s] INFO:colcon.colcon_core.plugin_system:Skipping extension 'colcon_notification.desktop_notification.terminal_notifier': Not used on non-Darwin systems
[2.372s] INFO:colcon.colcon_core.plugin_system:Skipping extension 'colcon_notification.desktop_notification.win32': Not used on non-Windows systems
[2.372s] INFO:colcon.colcon_notification.desktop_notification:Sending desktop notification using 'notify2'
[2.398s] DEBUG:colcon.colcon_core.event_reactor:joined thread
[2.398s] INFO:colcon.colcon_core.shell:Creating prefix script '/home/shahab/ros2_jetracer/install/local_setup.ps1'
[2.399s] INFO:colcon.colcon_core.shell:Creating prefix util module '/home/shahab/ros2_jetracer/install/_local_setup_util_ps1.py'
[2.401s] INFO:colcon.colcon_core.shell:Creating prefix chain script '/home/shahab/ros2_jetracer/install/setup.ps1'
[2.404s] INFO:colcon.colcon_core.shell:Creating prefix script '/home/shahab/ros2_jetracer/install/local_setup.sh'
[2.405s] INFO:colcon.colcon_core.shell:Creating prefix util module '/home/shahab/ros2_jetracer/install/_local_setup_util_sh.py'
[2.406s] INFO:colcon.colcon_core.shell:Creating prefix chain script '/home/shahab/ros2_jetracer/install/setup.sh'
[2.410s] INFO:colcon.colcon_core.shell:Creating prefix script '/home/shahab/ros2_jetracer/install/local_setup.bash'
[2.411s] INFO:colcon.colcon_core.shell:Creating prefix chain script '/home/shahab/ros2_jetracer/install/setup.bash'
[2.413s] INFO:colcon.colcon_core.shell:Creating prefix script '/home/shahab/ros2_jetracer/install/local_setup.zsh'
[2.414s] INFO:colcon.colcon_core.shell:Creating prefix chain script '/home/shahab/ros2_jetracer/install/setup.zsh'
